

Started GET "/" for 127.0.0.1 at 2014-10-04 12:43:05 -0700

ActionController::RoutingError (uninitialized constant WelcomeController):
  activesupport (4.1.4) lib/active_support/inflector/methods.rb:238:in `const_get'
  activesupport (4.1.4) lib/active_support/inflector/methods.rb:238:in `block in constantize'
  activesupport (4.1.4) lib/active_support/inflector/methods.rb:236:in `each'
  activesupport (4.1.4) lib/active_support/inflector/methods.rb:236:in `inject'
  activesupport (4.1.4) lib/active_support/inflector/methods.rb:236:in `constantize'
  actionpack (4.1.4) lib/action_dispatch/routing/route_set.rb:78:in `controller_reference'
  actionpack (4.1.4) lib/action_dispatch/routing/route_set.rb:68:in `controller'
  actionpack (4.1.4) lib/action_dispatch/routing/route_set.rb:46:in `call'
  actionpack (4.1.4) lib/action_dispatch/journey/router.rb:71:in `block in call'
  actionpack (4.1.4) lib/action_dispatch/journey/router.rb:59:in `each'
  actionpack (4.1.4) lib/action_dispatch/journey/router.rb:59:in `call'
  actionpack (4.1.4) lib/action_dispatch/routing/route_set.rb:678:in `call'
  rack (1.5.2) lib/rack/etag.rb:23:in `call'
  rack (1.5.2) lib/rack/conditionalget.rb:25:in `call'
  rack (1.5.2) lib/rack/head.rb:11:in `call'
  actionpack (4.1.4) lib/action_dispatch/middleware/params_parser.rb:27:in `call'
  actionpack (4.1.4) lib/action_dispatch/middleware/flash.rb:254:in `call'
  rack (1.5.2) lib/rack/session/abstract/id.rb:225:in `context'
  rack (1.5.2) lib/rack/session/abstract/id.rb:220:in `call'
  actionpack (4.1.4) lib/action_dispatch/middleware/cookies.rb:560:in `call'
  activerecord (4.1.4) lib/active_record/query_cache.rb:36:in `call'
  activerecord (4.1.4) lib/active_record/connection_adapters/abstract/connection_pool.rb:621:in `call'
  activerecord (4.1.4) lib/active_record/migration.rb:380:in `call'
  actionpack (4.1.4) lib/action_dispatch/middleware/callbacks.rb:29:in `block in call'
  activesupport (4.1.4) lib/active_support/callbacks.rb:82:in `run_callbacks'
  actionpack (4.1.4) lib/action_dispatch/middleware/callbacks.rb:27:in `call'
  actionpack (4.1.4) lib/action_dispatch/middleware/reloader.rb:73:in `call'
  actionpack (4.1.4) lib/action_dispatch/middleware/remote_ip.rb:76:in `call'
  actionpack (4.1.4) lib/action_dispatch/middleware/debug_exceptions.rb:17:in `call'
  actionpack (4.1.4) lib/action_dispatch/middleware/show_exceptions.rb:30:in `call'
  railties (4.1.4) lib/rails/rack/logger.rb:38:in `call_app'
  railties (4.1.4) lib/rails/rack/logger.rb:20:in `block in call'
  activesupport (4.1.4) lib/active_support/tagged_logging.rb:68:in `block in tagged'
  activesupport (4.1.4) lib/active_support/tagged_logging.rb:26:in `tagged'
  activesupport (4.1.4) lib/active_support/tagged_logging.rb:68:in `tagged'
  railties (4.1.4) lib/rails/rack/logger.rb:20:in `call'
  actionpack (4.1.4) lib/action_dispatch/middleware/request_id.rb:21:in `call'
  rack (1.5.2) lib/rack/methodoverride.rb:21:in `call'
  rack (1.5.2) lib/rack/runtime.rb:17:in `call'
  activesupport (4.1.4) lib/active_support/cache/strategy/local_cache_middleware.rb:26:in `call'
  rack (1.5.2) lib/rack/lock.rb:17:in `call'
  actionpack (4.1.4) lib/action_dispatch/middleware/static.rb:64:in `call'
  rack (1.5.2) lib/rack/sendfile.rb:112:in `call'
  railties (4.1.4) lib/rails/engine.rb:514:in `call'
  railties (4.1.4) lib/rails/application.rb:144:in `call'
  rack (1.5.2) lib/rack/lock.rb:17:in `call'
  rack (1.5.2) lib/rack/content_length.rb:14:in `call'
  rack (1.5.2) lib/rack/handler/webrick.rb:60:in `service'
  /home/john/.rbenv/versions/2.1.2/lib/ruby/2.1.0/webrick/httpserver.rb:138:in `service'
  /home/john/.rbenv/versions/2.1.2/lib/ruby/2.1.0/webrick/httpserver.rb:94:in `run'
  /home/john/.rbenv/versions/2.1.2/lib/ruby/2.1.0/webrick/server.rb:295:in `block in start_thread'


  Rendered /home/john/.rbenv/versions/2.1.2/lib/ruby/gems/2.1.0/gems/actionpack-4.1.4/lib/action_dispatch/middleware/templates/rescues/_trace.html.erb (1.2ms)
  Rendered /home/john/.rbenv/versions/2.1.2/lib/ruby/gems/2.1.0/gems/actionpack-4.1.4/lib/action_dispatch/middleware/templates/routes/_route.html.erb (0.8ms)
  Rendered /home/john/.rbenv/versions/2.1.2/lib/ruby/gems/2.1.0/gems/actionpack-4.1.4/lib/action_dispatch/middleware/templates/routes/_table.html.erb (8.3ms)
  Rendered /home/john/.rbenv/versions/2.1.2/lib/ruby/gems/2.1.0/gems/actionpack-4.1.4/lib/action_dispatch/middleware/templates/rescues/routing_error.html.erb within rescues/layout (37.9ms)


Started GET "/" for 127.0.0.1 at 2014-10-04 12:43:57 -0700
Processing by WelcomeController#index as HTML
  Rendered welcome/index.html.erb within layouts/application (0.5ms)
Completed 200 OK in 765ms (Views: 728.3ms | ActiveRecord: 0.0ms)


Started GET "/assets/application.css?body=1" for 127.0.0.1 at 2014-10-04 12:43:58 -0700


Started GET "/assets/application.js?body=1" for 127.0.0.1 at 2014-10-04 12:43:58 -0700


Started GET "/assets/turbolinks.js?body=1" for 127.0.0.1 at 2014-10-04 12:43:58 -0700


Started GET "/assets/jquery.js?body=1" for 127.0.0.1 at 2014-10-04 12:43:58 -0700


Started GET "/assets/jquery_ujs.js?body=1" for 127.0.0.1 at 2014-10-04 12:43:58 -0700
  [1m[36m (161.7ms)[0m  [1mCREATE TABLE "schema_migrations" ("version" varchar(255) NOT NULL) [0m
  [1m[35m (0.3ms)[0m  select sqlite_version(*)
  [1m[36m (143.2ms)[0m  [1mCREATE UNIQUE INDEX "unique_schema_migrations" ON "schema_migrations" ("version")[0m
  [1m[35mActiveRecord::SchemaMigration Load (0.3ms)[0m  SELECT "schema_migrations".* FROM "schema_migrations"
Migrating to CreateTasks (20141004194721)
  [1m[36m (0.1ms)[0m  [1mbegin transaction[0m
  [1m[35m (0.4ms)[0m  CREATE TABLE "tasks" ("id" INTEGER PRIMARY KEY AUTOINCREMENT NOT NULL, "name" varchar(255), "status" boolean DEFAULT 'f', "created_at" datetime, "updated_at" datetime) 
  [1m[36mSQL (0.2ms)[0m  [1mINSERT INTO "schema_migrations" ("version") VALUES (?)[0m  [["version", "20141004194721"]]
  [1m[35m (161.1ms)[0m  commit transaction
  [1m[36mActiveRecord::SchemaMigration Load (0.1ms)[0m  [1mSELECT "schema_migrations".* FROM "schema_migrations"[0m


Started GET "/" for 127.0.0.1 at 2014-10-04 12:54:56 -0700
  [1m[36mActiveRecord::SchemaMigration Load (0.1ms)[0m  [1mSELECT "schema_migrations".* FROM "schema_migrations"[0m
Processing by WelcomeController#index as HTML
  Rendered welcome/index.html.erb within layouts/application (21.1ms)
Completed 500 Internal Server Error in 46ms

ActionView::Template::Error (First argument in form cannot contain nil or be empty):
    1: Enter a task here
    2: 
    3: <%= form_for @task, { controller: "task" } do |f| %>
    4: 
    5: 	<%= f.label :name %>:
    6:   <%= f.text_field :name, placeholder: "task name" %>
  app/views/welcome/index.html.erb:3:in `_app_views_welcome_index_html_erb___226703235__625270108'


  Rendered /home/john/.rbenv/versions/2.1.2/lib/ruby/gems/2.1.0/gems/actionpack-4.1.4/lib/action_dispatch/middleware/templates/rescues/_trace.html.erb (1.4ms)
  Rendered /home/john/.rbenv/versions/2.1.2/lib/ruby/gems/2.1.0/gems/actionpack-4.1.4/lib/action_dispatch/middleware/templates/rescues/_request_and_response.html.erb (1.2ms)
  Rendered /home/john/.rbenv/versions/2.1.2/lib/ruby/gems/2.1.0/gems/actionpack-4.1.4/lib/action_dispatch/middleware/templates/rescues/template_error.html.erb within rescues/layout (15.3ms)


Started GET "/" for 127.0.0.1 at 2014-10-04 12:55:21 -0700
Processing by WelcomeController#index as HTML
Completed 500 Internal Server Error in 1ms

NameError (uninitialized constant Application):
  app/models/task.rb:1:in `<top (required)>'
  app/controllers/welcome_controller.rb:3:in `index'


  Rendered /home/john/.rbenv/versions/2.1.2/lib/ruby/gems/2.1.0/gems/actionpack-4.1.4/lib/action_dispatch/middleware/templates/rescues/_source.erb (2.2ms)
  Rendered /home/john/.rbenv/versions/2.1.2/lib/ruby/gems/2.1.0/gems/actionpack-4.1.4/lib/action_dispatch/middleware/templates/rescues/_trace.html.erb (2.3ms)
  Rendered /home/john/.rbenv/versions/2.1.2/lib/ruby/gems/2.1.0/gems/actionpack-4.1.4/lib/action_dispatch/middleware/templates/rescues/_request_and_response.html.erb (1.0ms)
  Rendered /home/john/.rbenv/versions/2.1.2/lib/ruby/gems/2.1.0/gems/actionpack-4.1.4/lib/action_dispatch/middleware/templates/rescues/diagnostics.erb within rescues/layout (29.9ms)


Started GET "/" for 127.0.0.1 at 2014-10-04 12:56:14 -0700
Processing by WelcomeController#index as HTML
  Rendered welcome/index.html.erb within layouts/application (11.8ms)
Completed 500 Internal Server Error in 18ms

ActionView::Template::Error (undefined method `tasks_path' for #<#<Class:0xb5b06390>:0xb5b05eb8>):
    1: Enter a task here
    2: 
    3: <%= form_for @task, { controller: "task" } do |f| %>
    4: 
    5: 	<%= f.label :name %>:
    6:   <%= f.text_field :name, placeholder: "task name" %>
  app/views/welcome/index.html.erb:3:in `_app_views_welcome_index_html_erb___226703235__625270108'


  Rendered /home/john/.rbenv/versions/2.1.2/lib/ruby/gems/2.1.0/gems/actionpack-4.1.4/lib/action_dispatch/middleware/templates/rescues/_trace.html.erb (1.6ms)
  Rendered /home/john/.rbenv/versions/2.1.2/lib/ruby/gems/2.1.0/gems/actionpack-4.1.4/lib/action_dispatch/middleware/templates/rescues/_request_and_response.html.erb (1.0ms)
  Rendered /home/john/.rbenv/versions/2.1.2/lib/ruby/gems/2.1.0/gems/actionpack-4.1.4/lib/action_dispatch/middleware/templates/rescues/template_error.html.erb within rescues/layout (13.8ms)


Started GET "/" for 127.0.0.1 at 2014-10-04 12:56:51 -0700
Processing by WelcomeController#index as HTML
  Rendered welcome/index.html.erb within layouts/application (56.9ms)
Completed 200 OK in 106ms (Views: 102.2ms | ActiveRecord: 0.7ms)


Started GET "/assets/application.css?body=1" for 127.0.0.1 at 2014-10-04 12:56:51 -0700


Started GET "/assets/jquery.js?body=1" for 127.0.0.1 at 2014-10-04 12:56:51 -0700


Started GET "/assets/jquery_ujs.js?body=1" for 127.0.0.1 at 2014-10-04 12:56:51 -0700


Started GET "/assets/turbolinks.js?body=1" for 127.0.0.1 at 2014-10-04 12:56:51 -0700


Started GET "/assets/application.js?body=1" for 127.0.0.1 at 2014-10-04 12:56:51 -0700


Started GET "/" for 127.0.0.1 at 2014-10-04 13:16:13 -0700
  [1m[36mActiveRecord::SchemaMigration Load (0.1ms)[0m  [1mSELECT "schema_migrations".* FROM "schema_migrations"[0m
Processing by WelcomeController#index as HTML
  Rendered welcome/index.html.erb within layouts/application (18.3ms)
Completed 200 OK in 89ms (Views: 67.0ms | ActiveRecord: 0.3ms)


Started GET "/" for 127.0.0.1 at 2014-10-04 13:16:13 -0700
Processing by WelcomeController#index as HTML
  Rendered welcome/index.html.erb within layouts/application (3.2ms)
Completed 200 OK in 35ms (Views: 33.1ms | ActiveRecord: 0.0ms)


Started GET "/assets/application.css?body=1" for 127.0.0.1 at 2014-10-04 13:16:14 -0700


Started GET "/assets/jquery.js?body=1" for 127.0.0.1 at 2014-10-04 13:16:14 -0700


Started GET "/assets/jquery_ujs.js?body=1" for 127.0.0.1 at 2014-10-04 13:16:14 -0700


Started GET "/assets/application.js?body=1" for 127.0.0.1 at 2014-10-04 13:16:14 -0700


Started GET "/assets/turbolinks.js?body=1" for 127.0.0.1 at 2014-10-04 13:16:14 -0700


Started GET "/" for 127.0.0.1 at 2014-10-04 13:19:44 -0700
Processing by WelcomeController#index as HTML
  Rendered welcome/index.html.erb within layouts/application (7.4ms)
Completed 500 Internal Server Error in 12ms

ActionView::Template::Error (undefined method `each' for nil:NilClass):
    13: 
    14: <!-- print out all tasks -->
    15: <ul>
    16: <% @tasks.each do |task| %>
    17: 	<li><%= task.name %></li>
    18: <% end %>
    19: </ul>
  app/views/welcome/index.html.erb:16:in `_app_views_welcome_index_html_erb___876151353__575716098'


  Rendered /home/john/.rbenv/versions/2.1.2/lib/ruby/gems/2.1.0/gems/actionpack-4.1.4/lib/action_dispatch/middleware/templates/rescues/_trace.html.erb (1.7ms)
  Rendered /home/john/.rbenv/versions/2.1.2/lib/ruby/gems/2.1.0/gems/actionpack-4.1.4/lib/action_dispatch/middleware/templates/rescues/_request_and_response.html.erb (1.4ms)
  Rendered /home/john/.rbenv/versions/2.1.2/lib/ruby/gems/2.1.0/gems/actionpack-4.1.4/lib/action_dispatch/middleware/templates/rescues/template_error.html.erb within rescues/layout (13.3ms)


Started GET "/" for 127.0.0.1 at 2014-10-04 13:20:12 -0700
Processing by WelcomeController#index as HTML
  Rendered welcome/index.html.erb within layouts/application (5.0ms)
Completed 500 Internal Server Error in 8ms

ActionView::Template::Error (undefined method `each' for nil:NilClass):
    13: 
    14: <!-- print out all tasks -->
    15: <ul>
    16: <% @tasks.each do |task| %>
    17: 	<li><%= task.name %></li>
    18: <% end %>
    19: </ul>
  app/views/welcome/index.html.erb:16:in `_app_views_welcome_index_html_erb___876151353__575716098'


  Rendered /home/john/.rbenv/versions/2.1.2/lib/ruby/gems/2.1.0/gems/actionpack-4.1.4/lib/action_dispatch/middleware/templates/rescues/_trace.html.erb (1.8ms)
  Rendered /home/john/.rbenv/versions/2.1.2/lib/ruby/gems/2.1.0/gems/actionpack-4.1.4/lib/action_dispatch/middleware/templates/rescues/_request_and_response.html.erb (1.2ms)
  Rendered /home/john/.rbenv/versions/2.1.2/lib/ruby/gems/2.1.0/gems/actionpack-4.1.4/lib/action_dispatch/middleware/templates/rescues/template_error.html.erb within rescues/layout (15.0ms)


Started GET "/" for 127.0.0.1 at 2014-10-04 13:20:18 -0700
Processing by WelcomeController#index as HTML
  Rendered welcome/index.html.erb within layouts/application (0.6ms)
Completed 500 Internal Server Error in 4ms

ActionView::Template::Error (First argument in form cannot contain nil or be empty):
    1: Enter a task here
    2: 
    3: <!-- task form -->
    4: <%= form_for @task, { controller: "task" } do |f| %>
    5: 
    6: 	<%= f.label :name %>:
    7:   <%= f.text_field :name, placeholder: "task name" %>
  app/views/welcome/index.html.erb:4:in `_app_views_welcome_index_html_erb___876151353__575716098'


  Rendered /home/john/.rbenv/versions/2.1.2/lib/ruby/gems/2.1.0/gems/actionpack-4.1.4/lib/action_dispatch/middleware/templates/rescues/_trace.html.erb (1.8ms)
  Rendered /home/john/.rbenv/versions/2.1.2/lib/ruby/gems/2.1.0/gems/actionpack-4.1.4/lib/action_dispatch/middleware/templates/rescues/_request_and_response.html.erb (1.4ms)
  Rendered /home/john/.rbenv/versions/2.1.2/lib/ruby/gems/2.1.0/gems/actionpack-4.1.4/lib/action_dispatch/middleware/templates/rescues/template_error.html.erb within rescues/layout (14.1ms)


Started GET "/" for 127.0.0.1 at 2014-10-04 13:20:28 -0700
Processing by WelcomeController#index as HTML
  [1m[35mTask Load (0.1ms)[0m  SELECT "tasks".* FROM "tasks"
  Rendered welcome/index.html.erb within layouts/application (4.4ms)
Completed 200 OK in 35ms (Views: 31.9ms | ActiveRecord: 0.6ms)


Started GET "/assets/jquery.js?body=1" for 127.0.0.1 at 2014-10-04 13:20:28 -0700


Started GET "/assets/application.css?body=1" for 127.0.0.1 at 2014-10-04 13:20:28 -0700


Started GET "/assets/jquery_ujs.js?body=1" for 127.0.0.1 at 2014-10-04 13:20:28 -0700


Started GET "/assets/application.js?body=1" for 127.0.0.1 at 2014-10-04 13:20:28 -0700


Started GET "/assets/turbolinks.js?body=1" for 127.0.0.1 at 2014-10-04 13:20:28 -0700


Started POST "/tasks" for 127.0.0.1 at 2014-10-04 13:20:44 -0700
Processing by TasksController#create as HTML
  Parameters: {"utf8"=>"✓", "authenticity_token"=>"/PUEzLop6N4QCb5qZfdAXBi0ATyqLaMNNb2awvYX1lo=", "task"=>{"name"=>"Punch Yohan"}, "commit"=>"Submit"}
  [1m[36m (0.1ms)[0m  [1mbegin transaction[0m
  [1m[35mSQL (0.4ms)[0m  INSERT INTO "tasks" ("created_at", "name", "updated_at") VALUES (?, ?, ?)  [["created_at", "2014-10-04 20:20:44.110640"], ["name", "Punch Yohan"], ["updated_at", "2014-10-04 20:20:44.110640"]]
  [1m[36m (270.5ms)[0m  [1mcommit transaction[0m
Redirected to http://localhost:3000/
Completed 302 Found in 277ms (ActiveRecord: 270.9ms)


Started GET "/" for 127.0.0.1 at 2014-10-04 13:20:44 -0700
Processing by WelcomeController#index as HTML
  [1m[35mTask Load (0.2ms)[0m  SELECT "tasks".* FROM "tasks"
  Rendered welcome/index.html.erb within layouts/application (1.8ms)
Completed 200 OK in 30ms (Views: 28.8ms | ActiveRecord: 0.2ms)


Started GET "/assets/application.css?body=1" for 127.0.0.1 at 2014-10-04 13:20:44 -0700


Started GET "/assets/application.js?body=1" for 127.0.0.1 at 2014-10-04 13:20:44 -0700


Started GET "/assets/jquery.js?body=1" for 127.0.0.1 at 2014-10-04 13:20:44 -0700


Started GET "/assets/turbolinks.js?body=1" for 127.0.0.1 at 2014-10-04 13:20:44 -0700


Started GET "/assets/jquery_ujs.js?body=1" for 127.0.0.1 at 2014-10-04 13:20:44 -0700


Started POST "/tasks" for 127.0.0.1 at 2014-10-04 13:20:55 -0700
Processing by TasksController#create as HTML
  Parameters: {"utf8"=>"✓", "authenticity_token"=>"/PUEzLop6N4QCb5qZfdAXBi0ATyqLaMNNb2awvYX1lo=", "task"=>{"name"=>"Be awesome"}, "commit"=>"Submit"}
  [1m[36m (0.2ms)[0m  [1mbegin transaction[0m
  [1m[35mSQL (0.2ms)[0m  INSERT INTO "tasks" ("created_at", "name", "updated_at") VALUES (?, ?, ?)  [["created_at", "2014-10-04 20:20:55.250126"], ["name", "Be awesome"], ["updated_at", "2014-10-04 20:20:55.250126"]]
  [1m[36m (221.6ms)[0m  [1mcommit transaction[0m
Redirected to http://localhost:3000/
Completed 302 Found in 226ms (ActiveRecord: 222.0ms)


Started GET "/" for 127.0.0.1 at 2014-10-04 13:20:55 -0700
Processing by WelcomeController#index as HTML
  [1m[35mTask Load (0.2ms)[0m  SELECT "tasks".* FROM "tasks"
  Rendered welcome/index.html.erb within layouts/application (1.7ms)
Completed 200 OK in 30ms (Views: 29.3ms | ActiveRecord: 0.2ms)


Started GET "/assets/application.css?body=1" for 127.0.0.1 at 2014-10-04 13:20:55 -0700


Started GET "/assets/jquery.js?body=1" for 127.0.0.1 at 2014-10-04 13:20:55 -0700


Started GET "/assets/jquery_ujs.js?body=1" for 127.0.0.1 at 2014-10-04 13:20:55 -0700


Started GET "/assets/turbolinks.js?body=1" for 127.0.0.1 at 2014-10-04 13:20:55 -0700


Started GET "/assets/application.js?body=1" for 127.0.0.1 at 2014-10-04 13:20:55 -0700


Started GET "/" for 127.0.0.1 at 2014-10-04 13:33:20 -0700
Processing by WelcomeController#index as HTML
  [1m[36mTask Load (0.4ms)[0m  [1mSELECT "tasks".* FROM "tasks"[0m
  Rendered welcome/index.html.erb within layouts/application (5.8ms)
Completed 200 OK in 58ms (Views: 56.3ms | ActiveRecord: 0.4ms)


Started GET "/assets/application.css?body=1" for 127.0.0.1 at 2014-10-04 13:33:20 -0700


Started GET "/assets/jquery.js?body=1" for 127.0.0.1 at 2014-10-04 13:33:20 -0700


Started GET "/assets/turbolinks.js?body=1" for 127.0.0.1 at 2014-10-04 13:33:20 -0700


Started GET "/assets/jquery_ujs.js?body=1" for 127.0.0.1 at 2014-10-04 13:33:20 -0700


Started GET "/assets/application.js?body=1" for 127.0.0.1 at 2014-10-04 13:33:20 -0700


Started GET "/" for 127.0.0.1 at 2014-10-04 13:40:28 -0700
  [1m[36mActiveRecord::SchemaMigration Load (0.1ms)[0m  [1mSELECT "schema_migrations".* FROM "schema_migrations"[0m
Processing by WelcomeController#index as HTML
  Rendered welcome/index.html.erb within layouts/application (0.9ms)
Completed 500 Internal Server Error in 27ms

SyntaxError (/home/john/Desktop/todo/app/views/welcome/index.html.erb:23: syntax error, unexpected keyword_ensure, expecting keyword_end
/home/john/Desktop/todo/app/views/welcome/index.html.erb:25: syntax error, unexpected end-of-input, expecting keyword_end):
  app/views/welcome/index.html.erb:23: syntax error, unexpected keyword_ensure, expecting keyword_end
  app/views/welcome/index.html.erb:25: syntax error, unexpected end-of-input, expecting keyword_end


  Rendered /home/john/.rbenv/versions/2.1.2/lib/ruby/gems/2.1.0/gems/actionpack-4.1.4/lib/action_dispatch/middleware/templates/rescues/_source.erb (0.8ms)
  Rendered /home/john/.rbenv/versions/2.1.2/lib/ruby/gems/2.1.0/gems/actionpack-4.1.4/lib/action_dispatch/middleware/templates/rescues/_trace.html.erb (1.6ms)
  Rendered /home/john/.rbenv/versions/2.1.2/lib/ruby/gems/2.1.0/gems/actionpack-4.1.4/lib/action_dispatch/middleware/templates/rescues/_request_and_response.html.erb (1.0ms)
  Rendered /home/john/.rbenv/versions/2.1.2/lib/ruby/gems/2.1.0/gems/actionpack-4.1.4/lib/action_dispatch/middleware/templates/rescues/diagnostics.erb within rescues/layout (18.5ms)


Started GET "/" for 127.0.0.1 at 2014-10-04 13:40:43 -0700
Processing by WelcomeController#index as HTML
  [1m[35mTask Load (0.2ms)[0m  SELECT "tasks".* FROM "tasks"
  Rendered welcome/index.html.erb within layouts/application (24.1ms)
Completed 500 Internal Server Error in 26ms

ActionView::Template::Error (No route matches {:action=>"update", :controller=>"tasks"}):
    15: <ul class="font-family-sans">
    16: <% @tasks.each do |task| %>
    17: 	<% if task.status == false %>
    18: 		<li><%= task.name %><%= link_to "Done", :controller => :tasks, :action => :update %></li>
    19: 	<% else %>
    20: 		<li class="strikethrough"><%= task.name %><%= link_to "Done", :controller => :tasks, :action => :update %></li>
    21: 	<% end %>
  app/views/welcome/index.html.erb:18:in `block in _app_views_welcome_index_html_erb__671804435__588119048'
  app/views/welcome/index.html.erb:16:in `_app_views_welcome_index_html_erb__671804435__588119048'


  Rendered /home/john/.rbenv/versions/2.1.2/lib/ruby/gems/2.1.0/gems/actionpack-4.1.4/lib/action_dispatch/middleware/templates/rescues/_trace.html.erb (1.5ms)
  Rendered /home/john/.rbenv/versions/2.1.2/lib/ruby/gems/2.1.0/gems/actionpack-4.1.4/lib/action_dispatch/middleware/templates/rescues/_request_and_response.html.erb (1.1ms)
  Rendered /home/john/.rbenv/versions/2.1.2/lib/ruby/gems/2.1.0/gems/actionpack-4.1.4/lib/action_dispatch/middleware/templates/rescues/template_error.html.erb within rescues/layout (13.2ms)


Started GET "/" for 127.0.0.1 at 2014-10-04 13:41:27 -0700
Processing by WelcomeController#index as HTML
  [1m[36mTask Load (0.2ms)[0m  [1mSELECT "tasks".* FROM "tasks"[0m
  Rendered welcome/index.html.erb within layouts/application (5.6ms)
Completed 500 Internal Server Error in 9ms

ActionView::Template::Error (No route matches {:action=>"update", :controller=>"task"}):
    15: <ul class="font-family-sans">
    16: <% @tasks.each do |task| %>
    17: 	<% if task.status == false %>
    18: 		<li><%= task.name %><%= link_to "Done", :controller => :task, :action => :update %></li>
    19: 	<% else %>
    20: 		<li class="strikethrough"><%= task.name %><%= link_to "Done", :controller => :tasks, :action => :update %></li>
    21: 	<% end %>
  app/views/welcome/index.html.erb:18:in `block in _app_views_welcome_index_html_erb__671804435__591536788'
  app/views/welcome/index.html.erb:16:in `_app_views_welcome_index_html_erb__671804435__591536788'


  Rendered /home/john/.rbenv/versions/2.1.2/lib/ruby/gems/2.1.0/gems/actionpack-4.1.4/lib/action_dispatch/middleware/templates/rescues/_trace.html.erb (1.6ms)
  Rendered /home/john/.rbenv/versions/2.1.2/lib/ruby/gems/2.1.0/gems/actionpack-4.1.4/lib/action_dispatch/middleware/templates/rescues/_request_and_response.html.erb (1.1ms)
  Rendered /home/john/.rbenv/versions/2.1.2/lib/ruby/gems/2.1.0/gems/actionpack-4.1.4/lib/action_dispatch/middleware/templates/rescues/template_error.html.erb within rescues/layout (13.1ms)
  [1m[36mTask Load (0.2ms)[0m  [1mSELECT  "tasks".* FROM "tasks"  WHERE "tasks"."id" = ? LIMIT 1[0m  [["id", 1]]
  [1m[35mTask Load (0.5ms)[0m  SELECT  "tasks".* FROM "tasks"  WHERE "tasks"."id" = 1 LIMIT 1
  [1m[36mTask Load (0.5ms)[0m  [1mSELECT  "tasks".* FROM "tasks"  WHERE "tasks"."id" = 1 LIMIT 1[0m
  [1m[35mTask Load (0.5ms)[0m  SELECT  "tasks".* FROM "tasks"  WHERE "tasks"."id" = 1 LIMIT 1
  [1m[36m (0.3ms)[0m  [1mbegin transaction[0m
  [1m[35mSQL (0.9ms)[0m  UPDATE "tasks" SET "status" = ?, "updated_at" = ? WHERE "tasks"."id" = 1  [["status", "t"], ["updated_at", "2014-10-04 20:44:11.940367"]]
  [1m[36m (188.1ms)[0m  [1mcommit transaction[0m
  [1m[35mTask Load (0.5ms)[0m  SELECT  "tasks".* FROM "tasks"  WHERE "tasks"."id" = 1 LIMIT 1


Started GET "/" for 127.0.0.1 at 2014-10-04 13:46:51 -0700
Processing by WelcomeController#index as HTML
  [1m[35mTask Load (0.2ms)[0m  SELECT "tasks".* FROM "tasks"
  Rendered welcome/index.html.erb within layouts/application (6.2ms)
Completed 500 Internal Server Error in 11ms

ActionView::Template::Error (No route matches {:action=>"update", :controller=>"tasks"}):
    17: 	<% if task.status == false %>
    18: 		<li><%= task.name %><%= link_to "Done", :controller => :task, :action => :update %></li>
    19: 	<% else %>
    20: 		<li class="strikethrough"><%= task.name %><%= link_to "Done", :controller => :tasks, :action => :update %></li>
    21: 	<% end %>
    22: <% end %>
    23: </ul>
  app/views/welcome/index.html.erb:20:in `block in _app_views_welcome_index_html_erb__671804435__591536788'
  app/views/welcome/index.html.erb:16:in `_app_views_welcome_index_html_erb__671804435__591536788'


  Rendered /home/john/.rbenv/versions/2.1.2/lib/ruby/gems/2.1.0/gems/actionpack-4.1.4/lib/action_dispatch/middleware/templates/rescues/_trace.html.erb (1.7ms)
  Rendered /home/john/.rbenv/versions/2.1.2/lib/ruby/gems/2.1.0/gems/actionpack-4.1.4/lib/action_dispatch/middleware/templates/rescues/_request_and_response.html.erb (1.0ms)
  Rendered /home/john/.rbenv/versions/2.1.2/lib/ruby/gems/2.1.0/gems/actionpack-4.1.4/lib/action_dispatch/middleware/templates/rescues/template_error.html.erb within rescues/layout (13.2ms)


Started GET "/" for 127.0.0.1 at 2014-10-04 13:47:27 -0700
Processing by WelcomeController#index as HTML
  [1m[36mTask Load (0.6ms)[0m  [1mSELECT "tasks".* FROM "tasks"[0m
  Rendered welcome/index.html.erb within layouts/application (7.4ms)
Completed 500 Internal Server Error in 13ms

ActionView::Template::Error (No route matches {:action=>"update", :controller=>"task"}):
    17: 	<% if task.status == false %>
    18: 		<li><%= task.name %><%= link_to "Done", :controller => :task, :action => :update %></li>
    19: 	<% else %>
    20: 		<li class="strikethrough"><%= task.name %><%= link_to "Done", :controller => :task, :action => :update %></li>
    21: 	<% end %>
    22: <% end %>
    23: </ul>
  app/views/welcome/index.html.erb:20:in `block in _app_views_welcome_index_html_erb__671804435__604006478'
  app/views/welcome/index.html.erb:16:in `_app_views_welcome_index_html_erb__671804435__604006478'


  Rendered /home/john/.rbenv/versions/2.1.2/lib/ruby/gems/2.1.0/gems/actionpack-4.1.4/lib/action_dispatch/middleware/templates/rescues/_trace.html.erb (1.4ms)
  Rendered /home/john/.rbenv/versions/2.1.2/lib/ruby/gems/2.1.0/gems/actionpack-4.1.4/lib/action_dispatch/middleware/templates/rescues/_request_and_response.html.erb (0.9ms)
  Rendered /home/john/.rbenv/versions/2.1.2/lib/ruby/gems/2.1.0/gems/actionpack-4.1.4/lib/action_dispatch/middleware/templates/rescues/template_error.html.erb within rescues/layout (12.4ms)


Started GET "/" for 127.0.0.1 at 2014-10-04 13:47:49 -0700
Processing by WelcomeController#index as HTML
  [1m[35mTask Load (0.2ms)[0m  SELECT "tasks".* FROM "tasks"
  Rendered welcome/index.html.erb within layouts/application (5.4ms)
Completed 500 Internal Server Error in 9ms

ActionView::Template::Error (No route matches {:action=>"update", :controller=>"task"}):
    17: 	<% if task.status == false %>
    18: 		<li><%= task.name %><%= link_to "Done", :controller => :task, :action => :update %></li>
    19: 	<% else %>
    20: 		<li class="strikethrough"><%= task.name %><%= link_to "Done", :controller => :task, :action => :update %></li>
    21: 	<% end %>
    22: <% end %>
    23: </ul>
  app/views/welcome/index.html.erb:20:in `block in _app_views_welcome_index_html_erb__671804435__604006478'
  app/views/welcome/index.html.erb:16:in `_app_views_welcome_index_html_erb__671804435__604006478'


  Rendered /home/john/.rbenv/versions/2.1.2/lib/ruby/gems/2.1.0/gems/actionpack-4.1.4/lib/action_dispatch/middleware/templates/rescues/_trace.html.erb (1.5ms)
  Rendered /home/john/.rbenv/versions/2.1.2/lib/ruby/gems/2.1.0/gems/actionpack-4.1.4/lib/action_dispatch/middleware/templates/rescues/_request_and_response.html.erb (1.0ms)
  Rendered /home/john/.rbenv/versions/2.1.2/lib/ruby/gems/2.1.0/gems/actionpack-4.1.4/lib/action_dispatch/middleware/templates/rescues/template_error.html.erb within rescues/layout (14.4ms)


Started GET "/" for 127.0.0.1 at 2014-10-04 13:56:06 -0700
Processing by WelcomeController#index as HTML
  [1m[36mTask Load (0.2ms)[0m  [1mSELECT "tasks".* FROM "tasks"[0m
  Rendered welcome/index.html.erb within layouts/application (18.5ms)
Completed 500 Internal Server Error in 22ms

ActionView::Template::Error (undefined local variable or method `update_tasks_path' for #<#<Class:0xb696dbb8>:0xba34771c>):
    15: <ul class="font-family-sans">
    16: <% @tasks.each do |task| %>
    17: 	<% if task.status == false %>
    18: 		<li><%= task.name %><%= button_to "Done", update_tasks_path %></li>
    19: 	<% else %>
    20: 	<% end %>
    21: <% end %>
  app/views/welcome/index.html.erb:18:in `block in _app_views_welcome_index_html_erb__671804435__585484758'
  app/views/welcome/index.html.erb:16:in `_app_views_welcome_index_html_erb__671804435__585484758'


  Rendered /home/john/.rbenv/versions/2.1.2/lib/ruby/gems/2.1.0/gems/actionpack-4.1.4/lib/action_dispatch/middleware/templates/rescues/_trace.html.erb (1.5ms)
  Rendered /home/john/.rbenv/versions/2.1.2/lib/ruby/gems/2.1.0/gems/actionpack-4.1.4/lib/action_dispatch/middleware/templates/rescues/_request_and_response.html.erb (1.1ms)
  Rendered /home/john/.rbenv/versions/2.1.2/lib/ruby/gems/2.1.0/gems/actionpack-4.1.4/lib/action_dispatch/middleware/templates/rescues/template_error.html.erb within rescues/layout (14.9ms)


Started GET "/" for 127.0.0.1 at 2014-10-04 13:56:16 -0700
Processing by WelcomeController#index as HTML
  [1m[35mTask Load (0.2ms)[0m  SELECT "tasks".* FROM "tasks"
  Rendered welcome/index.html.erb within layouts/application (3.4ms)
Completed 200 OK in 68ms (Views: 66.7ms | ActiveRecord: 0.2ms)


Started GET "/assets/application.css?body=1" for 127.0.0.1 at 2014-10-04 13:56:16 -0700


Started GET "/assets/style.css?body=1" for 127.0.0.1 at 2014-10-04 13:56:16 -0700


Started GET "/assets/jquery_ujs.js?body=1" for 127.0.0.1 at 2014-10-04 13:56:16 -0700


Started GET "/assets/jquery.js?body=1" for 127.0.0.1 at 2014-10-04 13:56:16 -0700


Started GET "/assets/application.js?body=1" for 127.0.0.1 at 2014-10-04 13:56:16 -0700


Started GET "/assets/turbolinks.js?body=1" for 127.0.0.1 at 2014-10-04 13:56:16 -0700


Started POST "/tasks" for 127.0.0.1 at 2014-10-04 13:56:25 -0700
Processing by TasksController#create as HTML
  Parameters: {"authenticity_token"=>"/PUEzLop6N4QCb5qZfdAXBi0ATyqLaMNNb2awvYX1lo="}
Completed 400 Bad Request in 1ms

ActionController::ParameterMissing (param is missing or the value is empty: task):
  app/controllers/tasks_controller.rb:36:in `task_params'
  app/controllers/tasks_controller.rb:10:in `create'


  Rendered /home/john/.rbenv/versions/2.1.2/lib/ruby/gems/2.1.0/gems/actionpack-4.1.4/lib/action_dispatch/middleware/templates/rescues/_source.erb (2.4ms)
  Rendered /home/john/.rbenv/versions/2.1.2/lib/ruby/gems/2.1.0/gems/actionpack-4.1.4/lib/action_dispatch/middleware/templates/rescues/_trace.html.erb (1.4ms)
  Rendered /home/john/.rbenv/versions/2.1.2/lib/ruby/gems/2.1.0/gems/actionpack-4.1.4/lib/action_dispatch/middleware/templates/rescues/_request_and_response.html.erb (1.0ms)
  Rendered /home/john/.rbenv/versions/2.1.2/lib/ruby/gems/2.1.0/gems/actionpack-4.1.4/lib/action_dispatch/middleware/templates/rescues/diagnostics.erb within rescues/layout (32.7ms)


Started POST "/tasks" for 127.0.0.1 at 2014-10-04 13:57:12 -0700
Processing by TasksController#create as HTML
  Parameters: {"authenticity_token"=>"/PUEzLop6N4QCb5qZfdAXBi0ATyqLaMNNb2awvYX1lo="}
Completed 400 Bad Request in 2ms

ActionController::ParameterMissing (param is missing or the value is empty: task):
  app/controllers/tasks_controller.rb:36:in `task_params'
  app/controllers/tasks_controller.rb:10:in `create'


  Rendered /home/john/.rbenv/versions/2.1.2/lib/ruby/gems/2.1.0/gems/actionpack-4.1.4/lib/action_dispatch/middleware/templates/rescues/_source.erb (0.7ms)
  Rendered /home/john/.rbenv/versions/2.1.2/lib/ruby/gems/2.1.0/gems/actionpack-4.1.4/lib/action_dispatch/middleware/templates/rescues/_trace.html.erb (1.4ms)
  Rendered /home/john/.rbenv/versions/2.1.2/lib/ruby/gems/2.1.0/gems/actionpack-4.1.4/lib/action_dispatch/middleware/templates/rescues/_request_and_response.html.erb (1.1ms)
  Rendered /home/john/.rbenv/versions/2.1.2/lib/ruby/gems/2.1.0/gems/actionpack-4.1.4/lib/action_dispatch/middleware/templates/rescues/diagnostics.erb within rescues/layout (18.2ms)


Started GET "/" for 127.0.0.1 at 2014-10-04 13:58:24 -0700
Processing by WelcomeController#index as HTML
  [1m[36mTask Load (0.1ms)[0m  [1mSELECT "tasks".* FROM "tasks"[0m
  Rendered welcome/index.html.erb within layouts/application (5.8ms)
Completed 200 OK in 42ms (Views: 39.0ms | ActiveRecord: 0.6ms)


Started GET "/assets/application.css?body=1" for 127.0.0.1 at 2014-10-04 13:58:24 -0700


Started GET "/assets/style.css?body=1" for 127.0.0.1 at 2014-10-04 13:58:24 -0700


Started GET "/assets/jquery.js?body=1" for 127.0.0.1 at 2014-10-04 13:58:24 -0700


Started GET "/assets/jquery_ujs.js?body=1" for 127.0.0.1 at 2014-10-04 13:58:24 -0700


Started GET "/assets/application.js?body=1" for 127.0.0.1 at 2014-10-04 13:58:24 -0700


Started GET "/assets/turbolinks.js?body=1" for 127.0.0.1 at 2014-10-04 13:58:24 -0700


Started POST "/tasks" for 127.0.0.1 at 2014-10-04 13:58:42 -0700
Processing by TasksController#create as HTML
  Parameters: {"utf8"=>"✓", "authenticity_token"=>"/PUEzLop6N4QCb5qZfdAXBi0ATyqLaMNNb2awvYX1lo=", "task"=>{"name"=>"Get a coffee"}, "commit"=>"Submit"}
  [1m[35m (0.2ms)[0m  begin transaction
  [1m[36mSQL (0.3ms)[0m  [1mINSERT INTO "tasks" ("created_at", "name", "updated_at") VALUES (?, ?, ?)[0m  [["created_at", "2014-10-04 20:58:42.797579"], ["name", "Get a coffee"], ["updated_at", "2014-10-04 20:58:42.797579"]]
  [1m[35m (174.2ms)[0m  commit transaction
Redirected to http://localhost:3000/
Completed 302 Found in 183ms (ActiveRecord: 174.8ms)


Started GET "/" for 127.0.0.1 at 2014-10-04 13:58:42 -0700
Processing by WelcomeController#index as HTML
  [1m[36mTask Load (0.5ms)[0m  [1mSELECT "tasks".* FROM "tasks"[0m
  Rendered welcome/index.html.erb within layouts/application (6.8ms)
Completed 200 OK in 46ms (Views: 43.9ms | ActiveRecord: 0.5ms)


Started GET "/assets/style.css?body=1" for 127.0.0.1 at 2014-10-04 13:58:43 -0700


Started GET "/assets/application.css?body=1" for 127.0.0.1 at 2014-10-04 13:58:43 -0700


Started GET "/assets/jquery.js?body=1" for 127.0.0.1 at 2014-10-04 13:58:43 -0700


Started GET "/assets/turbolinks.js?body=1" for 127.0.0.1 at 2014-10-04 13:58:43 -0700


Started GET "/assets/jquery_ujs.js?body=1" for 127.0.0.1 at 2014-10-04 13:58:43 -0700


Started GET "/assets/application.js?body=1" for 127.0.0.1 at 2014-10-04 13:58:43 -0700


Started POST "/tasks" for 127.0.0.1 at 2014-10-04 13:58:48 -0700
Processing by TasksController#create as HTML
  Parameters: {"authenticity_token"=>"/PUEzLop6N4QCb5qZfdAXBi0ATyqLaMNNb2awvYX1lo="}
Completed 400 Bad Request in 1ms

ActionController::ParameterMissing (param is missing or the value is empty: task):
  app/controllers/tasks_controller.rb:36:in `task_params'
  app/controllers/tasks_controller.rb:10:in `create'


  Rendered /home/john/.rbenv/versions/2.1.2/lib/ruby/gems/2.1.0/gems/actionpack-4.1.4/lib/action_dispatch/middleware/templates/rescues/_source.erb (0.8ms)
  Rendered /home/john/.rbenv/versions/2.1.2/lib/ruby/gems/2.1.0/gems/actionpack-4.1.4/lib/action_dispatch/middleware/templates/rescues/_trace.html.erb (1.2ms)
  Rendered /home/john/.rbenv/versions/2.1.2/lib/ruby/gems/2.1.0/gems/actionpack-4.1.4/lib/action_dispatch/middleware/templates/rescues/_request_and_response.html.erb (1.5ms)
  Rendered /home/john/.rbenv/versions/2.1.2/lib/ruby/gems/2.1.0/gems/actionpack-4.1.4/lib/action_dispatch/middleware/templates/rescues/diagnostics.erb within rescues/layout (18.4ms)


Started POST "/tasks" for 127.0.0.1 at 2014-10-04 14:00:37 -0700
Processing by TasksController#create as HTML
  Parameters: {"authenticity_token"=>"/PUEzLop6N4QCb5qZfdAXBi0ATyqLaMNNb2awvYX1lo="}
Completed 500 Internal Server Error in 3ms

ActiveModel::ForbiddenAttributesError (ActiveModel::ForbiddenAttributesError):
  app/controllers/tasks_controller.rb:11:in `create'


  Rendered /home/john/.rbenv/versions/2.1.2/lib/ruby/gems/2.1.0/gems/actionpack-4.1.4/lib/action_dispatch/middleware/templates/rescues/_source.erb (0.7ms)
  Rendered /home/john/.rbenv/versions/2.1.2/lib/ruby/gems/2.1.0/gems/actionpack-4.1.4/lib/action_dispatch/middleware/templates/rescues/_trace.html.erb (1.9ms)
  Rendered /home/john/.rbenv/versions/2.1.2/lib/ruby/gems/2.1.0/gems/actionpack-4.1.4/lib/action_dispatch/middleware/templates/rescues/_request_and_response.html.erb (1.2ms)
  Rendered /home/john/.rbenv/versions/2.1.2/lib/ruby/gems/2.1.0/gems/actionpack-4.1.4/lib/action_dispatch/middleware/templates/rescues/diagnostics.erb within rescues/layout (18.8ms)


Started POST "/tasks" for 127.0.0.1 at 2014-10-04 14:01:10 -0700
Processing by TasksController#create as HTML
  Parameters: {"authenticity_token"=>"/PUEzLop6N4QCb5qZfdAXBi0ATyqLaMNNb2awvYX1lo="}
Completed 500 Internal Server Error in 3ms

ActiveModel::ForbiddenAttributesError (ActiveModel::ForbiddenAttributesError):
  app/controllers/tasks_controller.rb:12:in `create'


  Rendered /home/john/.rbenv/versions/2.1.2/lib/ruby/gems/2.1.0/gems/actionpack-4.1.4/lib/action_dispatch/middleware/templates/rescues/_source.erb (0.9ms)
  Rendered /home/john/.rbenv/versions/2.1.2/lib/ruby/gems/2.1.0/gems/actionpack-4.1.4/lib/action_dispatch/middleware/templates/rescues/_trace.html.erb (1.5ms)
  Rendered /home/john/.rbenv/versions/2.1.2/lib/ruby/gems/2.1.0/gems/actionpack-4.1.4/lib/action_dispatch/middleware/templates/rescues/_request_and_response.html.erb (1.1ms)
  Rendered /home/john/.rbenv/versions/2.1.2/lib/ruby/gems/2.1.0/gems/actionpack-4.1.4/lib/action_dispatch/middleware/templates/rescues/diagnostics.erb within rescues/layout (19.1ms)


Started POST "/tasks" for 127.0.0.1 at 2014-10-04 14:01:42 -0700
Processing by TasksController#create as HTML
  Parameters: {"utf8"=>"✓", "authenticity_token"=>"/PUEzLop6N4QCb5qZfdAXBi0ATyqLaMNNb2awvYX1lo=", "task"=>{"name"=>"A new one"}, "commit"=>"Submit"}
Completed 500 Internal Server Error in 1ms

ActiveModel::ForbiddenAttributesError (ActiveModel::ForbiddenAttributesError):
  app/controllers/tasks_controller.rb:12:in `create'


  Rendered /home/john/.rbenv/versions/2.1.2/lib/ruby/gems/2.1.0/gems/actionpack-4.1.4/lib/action_dispatch/middleware/templates/rescues/_source.erb (0.9ms)
  Rendered /home/john/.rbenv/versions/2.1.2/lib/ruby/gems/2.1.0/gems/actionpack-4.1.4/lib/action_dispatch/middleware/templates/rescues/_trace.html.erb (1.6ms)
  Rendered /home/john/.rbenv/versions/2.1.2/lib/ruby/gems/2.1.0/gems/actionpack-4.1.4/lib/action_dispatch/middleware/templates/rescues/_request_and_response.html.erb (1.6ms)
  Rendered /home/john/.rbenv/versions/2.1.2/lib/ruby/gems/2.1.0/gems/actionpack-4.1.4/lib/action_dispatch/middleware/templates/rescues/diagnostics.erb within rescues/layout (19.7ms)


Started POST "/tasks" for 127.0.0.1 at 2014-10-04 14:02:56 -0700
Processing by TasksController#create as HTML
  Parameters: {"utf8"=>"✓", "authenticity_token"=>"/PUEzLop6N4QCb5qZfdAXBi0ATyqLaMNNb2awvYX1lo=", "task"=>{"name"=>"Another one"}, "commit"=>"Submit"}
Completed 500 Internal Server Error in 3ms

ArgumentError (When assigning attributes, you must pass a hash as an argument.):
  app/controllers/tasks_controller.rb:12:in `create'


  Rendered /home/john/.rbenv/versions/2.1.2/lib/ruby/gems/2.1.0/gems/actionpack-4.1.4/lib/action_dispatch/middleware/templates/rescues/_source.erb (0.8ms)
  Rendered /home/john/.rbenv/versions/2.1.2/lib/ruby/gems/2.1.0/gems/actionpack-4.1.4/lib/action_dispatch/middleware/templates/rescues/_trace.html.erb (2.0ms)
  Rendered /home/john/.rbenv/versions/2.1.2/lib/ruby/gems/2.1.0/gems/actionpack-4.1.4/lib/action_dispatch/middleware/templates/rescues/_request_and_response.html.erb (1.3ms)
  Rendered /home/john/.rbenv/versions/2.1.2/lib/ruby/gems/2.1.0/gems/actionpack-4.1.4/lib/action_dispatch/middleware/templates/rescues/diagnostics.erb within rescues/layout (19.4ms)


Started GET "/" for 127.0.0.1 at 2014-10-04 14:03:22 -0700
Processing by WelcomeController#index as HTML
  [1m[35mTask Load (0.2ms)[0m  SELECT "tasks".* FROM "tasks"
  Rendered welcome/index.html.erb within layouts/application (6.8ms)
Completed 200 OK in 49ms (Views: 45.4ms | ActiveRecord: 0.8ms)


Started GET "/assets/style.css?body=1" for 127.0.0.1 at 2014-10-04 14:03:22 -0700


Started GET "/assets/application.css?body=1" for 127.0.0.1 at 2014-10-04 14:03:22 -0700


Started GET "/assets/jquery.js?body=1" for 127.0.0.1 at 2014-10-04 14:03:22 -0700


Started GET "/assets/jquery_ujs.js?body=1" for 127.0.0.1 at 2014-10-04 14:03:22 -0700


Started GET "/assets/turbolinks.js?body=1" for 127.0.0.1 at 2014-10-04 14:03:22 -0700


Started GET "/assets/application.js?body=1" for 127.0.0.1 at 2014-10-04 14:03:22 -0700


Started POST "/tasks" for 127.0.0.1 at 2014-10-04 14:03:28 -0700
Processing by TasksController#create as HTML
  Parameters: {"utf8"=>"✓", "authenticity_token"=>"/PUEzLop6N4QCb5qZfdAXBi0ATyqLaMNNb2awvYX1lo=", "task"=>{"name"=>"A new one"}, "commit"=>"Submit"}
  [1m[36m (0.1ms)[0m  [1mbegin transaction[0m
  [1m[35mSQL (0.3ms)[0m  INSERT INTO "tasks" ("created_at", "name", "updated_at") VALUES (?, ?, ?)  [["created_at", "2014-10-04 21:03:28.671787"], ["name", "A new one"], ["updated_at", "2014-10-04 21:03:28.671787"]]
  [1m[36m (202.6ms)[0m  [1mcommit transaction[0m
Redirected to http://localhost:3000/
Completed 302 Found in 208ms (ActiveRecord: 203.1ms)


Started GET "/" for 127.0.0.1 at 2014-10-04 14:03:28 -0700
Processing by WelcomeController#index as HTML
  [1m[35mTask Load (0.2ms)[0m  SELECT "tasks".* FROM "tasks"
  Rendered welcome/index.html.erb within layouts/application (4.3ms)
Completed 200 OK in 42ms (Views: 40.1ms | ActiveRecord: 0.2ms)


Started GET "/assets/style.css?body=1" for 127.0.0.1 at 2014-10-04 14:03:29 -0700


Started GET "/assets/application.css?body=1" for 127.0.0.1 at 2014-10-04 14:03:29 -0700


Started GET "/assets/jquery.js?body=1" for 127.0.0.1 at 2014-10-04 14:03:29 -0700


Started GET "/assets/jquery_ujs.js?body=1" for 127.0.0.1 at 2014-10-04 14:03:29 -0700


Started GET "/assets/turbolinks.js?body=1" for 127.0.0.1 at 2014-10-04 14:03:29 -0700


Started GET "/assets/application.js?body=1" for 127.0.0.1 at 2014-10-04 14:03:29 -0700


Started POST "/tasks" for 127.0.0.1 at 2014-10-04 14:04:31 -0700
Processing by TasksController#create as HTML
  Parameters: {"utf8"=>"✓", "authenticity_token"=>"/PUEzLop6N4QCb5qZfdAXBi0ATyqLaMNNb2awvYX1lo=", "task"=>{"name"=>"Another one"}, "commit"=>"Submit"}
  [1m[36m (0.1ms)[0m  [1mbegin transaction[0m
  [1m[35mSQL (0.2ms)[0m  INSERT INTO "tasks" ("created_at", "name", "updated_at") VALUES (?, ?, ?)  [["created_at", "2014-10-04 21:04:31.196053"], ["name", "Another one"], ["updated_at", "2014-10-04 21:04:31.196053"]]
  [1m[36m (159.9ms)[0m  [1mcommit transaction[0m
Redirected to http://localhost:3000/
Completed 302 Found in 168ms (ActiveRecord: 160.7ms)


Started GET "/" for 127.0.0.1 at 2014-10-04 14:04:31 -0700
Processing by WelcomeController#index as HTML
  [1m[35mTask Load (0.2ms)[0m  SELECT "tasks".* FROM "tasks"
  Rendered welcome/index.html.erb within layouts/application (3.3ms)
Completed 200 OK in 55ms (Views: 53.9ms | ActiveRecord: 0.2ms)


Started GET "/assets/style.css?body=1" for 127.0.0.1 at 2014-10-04 14:04:31 -0700


Started GET "/assets/application.css?body=1" for 127.0.0.1 at 2014-10-04 14:04:31 -0700


Started GET "/assets/jquery_ujs.js?body=1" for 127.0.0.1 at 2014-10-04 14:04:31 -0700


Started GET "/assets/turbolinks.js?body=1" for 127.0.0.1 at 2014-10-04 14:04:31 -0700


Started GET "/assets/jquery.js?body=1" for 127.0.0.1 at 2014-10-04 14:04:31 -0700


Started GET "/assets/application.js?body=1" for 127.0.0.1 at 2014-10-04 14:04:31 -0700


Started POST "/tasks" for 127.0.0.1 at 2014-10-04 14:04:35 -0700
Processing by TasksController#create as HTML
  Parameters: {"authenticity_token"=>"/PUEzLop6N4QCb5qZfdAXBi0ATyqLaMNNb2awvYX1lo="}
Completed 500 Internal Server Error in 1ms

NoMethodError (undefined method `[]' for nil:NilClass):
  app/controllers/tasks_controller.rb:12:in `create'


  Rendered /home/john/.rbenv/versions/2.1.2/lib/ruby/gems/2.1.0/gems/actionpack-4.1.4/lib/action_dispatch/middleware/templates/rescues/_source.erb (0.9ms)
  Rendered /home/john/.rbenv/versions/2.1.2/lib/ruby/gems/2.1.0/gems/actionpack-4.1.4/lib/action_dispatch/middleware/templates/rescues/_trace.html.erb (1.7ms)
  Rendered /home/john/.rbenv/versions/2.1.2/lib/ruby/gems/2.1.0/gems/actionpack-4.1.4/lib/action_dispatch/middleware/templates/rescues/_request_and_response.html.erb (1.5ms)
  Rendered /home/john/.rbenv/versions/2.1.2/lib/ruby/gems/2.1.0/gems/actionpack-4.1.4/lib/action_dispatch/middleware/templates/rescues/diagnostics.erb within rescues/layout (26.2ms)


Started POST "/tasks" for 127.0.0.1 at 2014-10-04 14:05:20 -0700
Processing by TasksController#create as HTML
  Parameters: {"authenticity_token"=>"/PUEzLop6N4QCb5qZfdAXBi0ATyqLaMNNb2awvYX1lo="}
Completed 500 Internal Server Error in 2ms

NoMethodError (undefined method `[]' for nil:NilClass):
  app/controllers/tasks_controller.rb:12:in `create'


  Rendered /home/john/.rbenv/versions/2.1.2/lib/ruby/gems/2.1.0/gems/actionpack-4.1.4/lib/action_dispatch/middleware/templates/rescues/_source.erb (0.7ms)
  Rendered /home/john/.rbenv/versions/2.1.2/lib/ruby/gems/2.1.0/gems/actionpack-4.1.4/lib/action_dispatch/middleware/templates/rescues/_trace.html.erb (1.4ms)
  Rendered /home/john/.rbenv/versions/2.1.2/lib/ruby/gems/2.1.0/gems/actionpack-4.1.4/lib/action_dispatch/middleware/templates/rescues/_request_and_response.html.erb (1.6ms)
  Rendered /home/john/.rbenv/versions/2.1.2/lib/ruby/gems/2.1.0/gems/actionpack-4.1.4/lib/action_dispatch/middleware/templates/rescues/diagnostics.erb within rescues/layout (17.6ms)


Started GET "/" for 127.0.0.1 at 2014-10-04 14:05:49 -0700
Processing by WelcomeController#index as HTML
  [1m[36mTask Load (0.2ms)[0m  [1mSELECT "tasks".* FROM "tasks"[0m
  Rendered welcome/index.html.erb within layouts/application (9.5ms)
Completed 200 OK in 45ms (Views: 42.8ms | ActiveRecord: 0.8ms)


Started GET "/assets/style.css?body=1" for 127.0.0.1 at 2014-10-04 14:05:49 -0700


Started GET "/assets/application.css?body=1" for 127.0.0.1 at 2014-10-04 14:05:49 -0700


Started GET "/assets/jquery.js?body=1" for 127.0.0.1 at 2014-10-04 14:05:49 -0700


Started GET "/assets/jquery_ujs.js?body=1" for 127.0.0.1 at 2014-10-04 14:05:49 -0700


Started GET "/assets/turbolinks.js?body=1" for 127.0.0.1 at 2014-10-04 14:05:49 -0700


Started GET "/assets/application.js?body=1" for 127.0.0.1 at 2014-10-04 14:05:49 -0700


Started POST "/tasks" for 127.0.0.1 at 2014-10-04 14:05:53 -0700
Processing by TasksController#create as HTML
  Parameters: {"authenticity_token"=>"/PUEzLop6N4QCb5qZfdAXBi0ATyqLaMNNb2awvYX1lo="}
Completed 500 Internal Server Error in 2ms

NoMethodError (undefined method `[]' for nil:NilClass):
  app/controllers/tasks_controller.rb:12:in `create'


  Rendered /home/john/.rbenv/versions/2.1.2/lib/ruby/gems/2.1.0/gems/actionpack-4.1.4/lib/action_dispatch/middleware/templates/rescues/_source.erb (0.7ms)
  Rendered /home/john/.rbenv/versions/2.1.2/lib/ruby/gems/2.1.0/gems/actionpack-4.1.4/lib/action_dispatch/middleware/templates/rescues/_trace.html.erb (1.4ms)
  Rendered /home/john/.rbenv/versions/2.1.2/lib/ruby/gems/2.1.0/gems/actionpack-4.1.4/lib/action_dispatch/middleware/templates/rescues/_request_and_response.html.erb (1.0ms)
  Rendered /home/john/.rbenv/versions/2.1.2/lib/ruby/gems/2.1.0/gems/actionpack-4.1.4/lib/action_dispatch/middleware/templates/rescues/diagnostics.erb within rescues/layout (18.5ms)


Started GET "/" for 127.0.0.1 at 2014-10-04 14:20:18 -0700
Processing by WelcomeController#index as HTML
  Rendered welcome/index.html.erb within layouts/application (1.0ms)
Completed 500 Internal Server Error in 6ms

SyntaxError (/home/john/Desktop/todo/app/views/welcome/index.html.erb:22: syntax error, unexpected $undefined, expecting ')'
...);@output_buffer.safe_append='\', method: :put) do  %>
...                               ^
/home/john/Desktop/todo/app/views/welcome/index.html.erb:25: syntax error, unexpected keyword_end
		'.freeze;@output_buffer.append=( end );@output_buffer.safe_append='
		                                    ^
/home/john/Desktop/todo/app/views/welcome/index.html.erb:27: syntax error, unexpected keyword_else, expecting ')'
'.freeze;	 else 
         	     ^
/home/john/Desktop/todo/app/views/welcome/index.html.erb:29: syntax error, unexpected keyword_end, expecting ')'
'.freeze;	 end 
         	    ^
/home/john/Desktop/todo/app/views/welcome/index.html.erb:31: syntax error, unexpected keyword_end, expecting ')'
'.freeze; end 
             ^
/home/john/Desktop/todo/app/views/welcome/index.html.erb:33: syntax error, unexpected keyword_ensure, expecting ')'
/home/john/Desktop/todo/app/views/welcome/index.html.erb:35: syntax error, unexpected keyword_end, expecting ')'):
  app/views/welcome/index.html.erb:22: syntax error, unexpected $undefined, expecting ')'
  app/views/welcome/index.html.erb:25: syntax error, unexpected keyword_end
  app/views/welcome/index.html.erb:27: syntax error, unexpected keyword_else, expecting ')'
  app/views/welcome/index.html.erb:29: syntax error, unexpected keyword_end, expecting ')'
  app/views/welcome/index.html.erb:31: syntax error, unexpected keyword_end, expecting ')'
  app/views/welcome/index.html.erb:33: syntax error, unexpected keyword_ensure, expecting ')'
  app/views/welcome/index.html.erb:35: syntax error, unexpected keyword_end, expecting ')'


  Rendered /home/john/.rbenv/versions/2.1.2/lib/ruby/gems/2.1.0/gems/actionpack-4.1.4/lib/action_dispatch/middleware/templates/rescues/_source.erb (0.7ms)
  Rendered /home/john/.rbenv/versions/2.1.2/lib/ruby/gems/2.1.0/gems/actionpack-4.1.4/lib/action_dispatch/middleware/templates/rescues/_trace.html.erb (1.8ms)
  Rendered /home/john/.rbenv/versions/2.1.2/lib/ruby/gems/2.1.0/gems/actionpack-4.1.4/lib/action_dispatch/middleware/templates/rescues/_request_and_response.html.erb (1.1ms)
  Rendered /home/john/.rbenv/versions/2.1.2/lib/ruby/gems/2.1.0/gems/actionpack-4.1.4/lib/action_dispatch/middleware/templates/rescues/diagnostics.erb within rescues/layout (18.7ms)


Started GET "/" for 127.0.0.1 at 2014-10-04 14:20:48 -0700
Processing by WelcomeController#index as HTML
  [1m[35mTask Load (0.2ms)[0m  SELECT "tasks".* FROM "tasks"
  Rendered welcome/index.html.erb within layouts/application (8.5ms)
Completed 200 OK in 56ms (Views: 54.4ms | ActiveRecord: 0.2ms)


Started GET "/assets/application.css?body=1" for 127.0.0.1 at 2014-10-04 14:20:48 -0700


Started GET "/assets/style.css?body=1" for 127.0.0.1 at 2014-10-04 14:20:48 -0700


Started GET "/assets/jquery_ujs.js?body=1" for 127.0.0.1 at 2014-10-04 14:20:48 -0700


Started GET "/assets/jquery.js?body=1" for 127.0.0.1 at 2014-10-04 14:20:48 -0700


Started GET "/assets/turbolinks.js?body=1" for 127.0.0.1 at 2014-10-04 14:20:48 -0700


Started GET "/assets/application.js?body=1" for 127.0.0.1 at 2014-10-04 14:20:48 -0700


Started GET "/" for 127.0.0.1 at 2014-10-04 16:26:47 -0700
Processing by WelcomeController#index as HTML
  [1m[36mTask Load (0.2ms)[0m  [1mSELECT "tasks".* FROM "tasks"[0m
  Rendered welcome/index.html.erb within layouts/application (5.9ms)
Completed 500 Internal Server Error in 9ms

ActionView::Template::Error (No route matches {:action=>"update", :controller=>"welcome"}):
    20: 		
    21: 		<li><%= task.id %> <%= task.name %></li><br>
    22: 		<!-- button to update some shit -->
    23: 		<%= form_for @task, url: { action: "update" } do |f| %>
    24: 			<%= f.submit "Done" %>
    25: 		<% end %>
    26: 
  app/views/welcome/index.html.erb:23:in `block in _app_views_welcome_index_html_erb__671804435__585450288'
  app/views/welcome/index.html.erb:17:in `_app_views_welcome_index_html_erb__671804435__585450288'


  Rendered /home/john/.rbenv/versions/2.1.2/lib/ruby/gems/2.1.0/gems/actionpack-4.1.4/lib/action_dispatch/middleware/templates/rescues/_trace.html.erb (1.6ms)
  Rendered /home/john/.rbenv/versions/2.1.2/lib/ruby/gems/2.1.0/gems/actionpack-4.1.4/lib/action_dispatch/middleware/templates/rescues/_request_and_response.html.erb (1.2ms)
  Rendered /home/john/.rbenv/versions/2.1.2/lib/ruby/gems/2.1.0/gems/actionpack-4.1.4/lib/action_dispatch/middleware/templates/rescues/template_error.html.erb within rescues/layout (13.8ms)


Started GET "/" for 127.0.0.1 at 2014-10-04 16:30:43 -0700
Processing by WelcomeController#index as HTML
  [1m[35mTask Load (0.2ms)[0m  SELECT "tasks".* FROM "tasks"
  Rendered welcome/index.html.erb within layouts/application (6.6ms)
Completed 500 Internal Server Error in 12ms

ActionView::Template::Error (No route matches {:action=>"update", :controller=>"welcome"}):
    20: 		
    21: 		<li><%= task.id %> <%= task.name %></li><br>
    22: 		<!-- button to update some shit -->
    23: 		<%= form_for @task, url: { action: "update" } do |f| %>
    24: 			<%= f.submit "Done" %>
    25: 		<% end %>
    26: 
  app/views/welcome/index.html.erb:23:in `block in _app_views_welcome_index_html_erb__671804435__585450288'
  app/views/welcome/index.html.erb:17:in `_app_views_welcome_index_html_erb__671804435__585450288'


  Rendered /home/john/.rbenv/versions/2.1.2/lib/ruby/gems/2.1.0/gems/actionpack-4.1.4/lib/action_dispatch/middleware/templates/rescues/_trace.html.erb (2.1ms)
  Rendered /home/john/.rbenv/versions/2.1.2/lib/ruby/gems/2.1.0/gems/actionpack-4.1.4/lib/action_dispatch/middleware/templates/rescues/_request_and_response.html.erb (1.2ms)
  Rendered /home/john/.rbenv/versions/2.1.2/lib/ruby/gems/2.1.0/gems/actionpack-4.1.4/lib/action_dispatch/middleware/templates/rescues/template_error.html.erb within rescues/layout (14.7ms)


Started POST "/tasks" for 127.0.0.1 at 2014-10-04 16:31:40 -0700
Processing by TasksController#create as HTML
  Parameters: {"authenticity_token"=>"/PUEzLop6N4QCb5qZfdAXBi0ATyqLaMNNb2awvYX1lo="}
Completed 500 Internal Server Error in 2ms

NoMethodError (undefined method `[]' for nil:NilClass):
  app/controllers/tasks_controller.rb:12:in `create'


  Rendered /home/john/.rbenv/versions/2.1.2/lib/ruby/gems/2.1.0/gems/actionpack-4.1.4/lib/action_dispatch/middleware/templates/rescues/_source.erb (0.8ms)
  Rendered /home/john/.rbenv/versions/2.1.2/lib/ruby/gems/2.1.0/gems/actionpack-4.1.4/lib/action_dispatch/middleware/templates/rescues/_trace.html.erb (1.2ms)
  Rendered /home/john/.rbenv/versions/2.1.2/lib/ruby/gems/2.1.0/gems/actionpack-4.1.4/lib/action_dispatch/middleware/templates/rescues/_request_and_response.html.erb (1.6ms)
  Rendered /home/john/.rbenv/versions/2.1.2/lib/ruby/gems/2.1.0/gems/actionpack-4.1.4/lib/action_dispatch/middleware/templates/rescues/diagnostics.erb within rescues/layout (19.5ms)


Started POST "/tasks" for 127.0.0.1 at 2014-10-04 16:32:26 -0700
Processing by TasksController#create as HTML
  Parameters: {"authenticity_token"=>"/PUEzLop6N4QCb5qZfdAXBi0ATyqLaMNNb2awvYX1lo="}
Completed 500 Internal Server Error in 1ms

NoMethodError (undefined method `[]' for nil:NilClass):
  app/controllers/tasks_controller.rb:10:in `create'


  Rendered /home/john/.rbenv/versions/2.1.2/lib/ruby/gems/2.1.0/gems/actionpack-4.1.4/lib/action_dispatch/middleware/templates/rescues/_source.erb (1.6ms)
  Rendered /home/john/.rbenv/versions/2.1.2/lib/ruby/gems/2.1.0/gems/actionpack-4.1.4/lib/action_dispatch/middleware/templates/rescues/_trace.html.erb (1.7ms)
  Rendered /home/john/.rbenv/versions/2.1.2/lib/ruby/gems/2.1.0/gems/actionpack-4.1.4/lib/action_dispatch/middleware/templates/rescues/_request_and_response.html.erb (1.0ms)
  Rendered /home/john/.rbenv/versions/2.1.2/lib/ruby/gems/2.1.0/gems/actionpack-4.1.4/lib/action_dispatch/middleware/templates/rescues/diagnostics.erb within rescues/layout (23.7ms)


Started POST "/tasks" for 127.0.0.1 at 2014-10-04 16:35:31 -0700
Processing by TasksController#create as HTML
  Parameters: {"authenticity_token"=>"/PUEzLop6N4QCb5qZfdAXBi0ATyqLaMNNb2awvYX1lo="}
Completed 500 Internal Server Error in 1ms

NoMethodError (undefined method `[]' for nil:NilClass):
  app/controllers/tasks_controller.rb:10:in `create'


  Rendered /home/john/.rbenv/versions/2.1.2/lib/ruby/gems/2.1.0/gems/actionpack-4.1.4/lib/action_dispatch/middleware/templates/rescues/_source.erb (0.7ms)
  Rendered /home/john/.rbenv/versions/2.1.2/lib/ruby/gems/2.1.0/gems/actionpack-4.1.4/lib/action_dispatch/middleware/templates/rescues/_trace.html.erb (2.3ms)
  Rendered /home/john/.rbenv/versions/2.1.2/lib/ruby/gems/2.1.0/gems/actionpack-4.1.4/lib/action_dispatch/middleware/templates/rescues/_request_and_response.html.erb (1.1ms)
  Rendered /home/john/.rbenv/versions/2.1.2/lib/ruby/gems/2.1.0/gems/actionpack-4.1.4/lib/action_dispatch/middleware/templates/rescues/diagnostics.erb within rescues/layout (18.8ms)


Started GET "/" for 127.0.0.1 at 2014-10-04 16:35:38 -0700
Processing by WelcomeController#index as HTML
  [1m[36mTask Load (0.2ms)[0m  [1mSELECT "tasks".* FROM "tasks"[0m
  Rendered welcome/index.html.erb within layouts/application (8.6ms)
Completed 200 OK in 48ms (Views: 45.4ms | ActiveRecord: 0.6ms)


Started GET "/assets/style.css?body=1" for 127.0.0.1 at 2014-10-04 16:35:38 -0700


Started GET "/assets/application.css?body=1" for 127.0.0.1 at 2014-10-04 16:35:38 -0700


Started GET "/assets/jquery.js?body=1" for 127.0.0.1 at 2014-10-04 16:35:38 -0700


Started GET "/assets/jquery_ujs.js?body=1" for 127.0.0.1 at 2014-10-04 16:35:38 -0700


Started GET "/assets/turbolinks.js?body=1" for 127.0.0.1 at 2014-10-04 16:35:38 -0700


Started GET "/assets/application.js?body=1" for 127.0.0.1 at 2014-10-04 16:35:38 -0700


Started POST "/tasks" for 127.0.0.1 at 2014-10-04 16:35:48 -0700
Processing by TasksController#create as HTML
  Parameters: {"utf8"=>"✓", "authenticity_token"=>"/PUEzLop6N4QCb5qZfdAXBi0ATyqLaMNNb2awvYX1lo=", "task"=>{"name"=>"Get all the code"}, "commit"=>"Submit"}
  [1m[35m (0.1ms)[0m  begin transaction
  [1m[36mSQL (0.7ms)[0m  [1mINSERT INTO "tasks" ("created_at", "name", "updated_at") VALUES (?, ?, ?)[0m  [["created_at", "2014-10-04 23:35:48.200166"], ["name", "Get all the code"], ["updated_at", "2014-10-04 23:35:48.200166"]]
  [1m[35m (225.9ms)[0m  commit transaction
Redirected to http://localhost:3000/
Completed 302 Found in 232ms (ActiveRecord: 226.8ms)


Started GET "/" for 127.0.0.1 at 2014-10-04 16:35:48 -0700
Processing by WelcomeController#index as HTML
  [1m[36mTask Load (0.2ms)[0m  [1mSELECT "tasks".* FROM "tasks"[0m
  Rendered welcome/index.html.erb within layouts/application (5.3ms)
Completed 200 OK in 42ms (Views: 40.7ms | ActiveRecord: 0.2ms)


Started GET "/assets/style.css?body=1" for 127.0.0.1 at 2014-10-04 16:35:48 -0700


Started GET "/assets/application.css?body=1" for 127.0.0.1 at 2014-10-04 16:35:48 -0700


Started GET "/assets/turbolinks.js?body=1" for 127.0.0.1 at 2014-10-04 16:35:48 -0700


Started GET "/assets/jquery.js?body=1" for 127.0.0.1 at 2014-10-04 16:35:48 -0700


Started GET "/assets/jquery_ujs.js?body=1" for 127.0.0.1 at 2014-10-04 16:35:48 -0700


Started GET "/assets/application.js?body=1" for 127.0.0.1 at 2014-10-04 16:35:48 -0700


Started PATCH "/tasks/6" for 127.0.0.1 at 2014-10-04 16:35:53 -0700
Processing by TasksController#update as HTML
  Parameters: {"utf8"=>"✓", "authenticity_token"=>"/PUEzLop6N4QCb5qZfdAXBi0ATyqLaMNNb2awvYX1lo=", "commit"=>"DONE", "id"=>"6"}
  [1m[35mTask Load (0.2ms)[0m  SELECT  "tasks".* FROM "tasks"  WHERE "tasks"."id" = ? LIMIT 1  [["id", 6]]
  [1m[36m (0.6ms)[0m  [1mbegin transaction[0m
  [1m[35mSQL (0.3ms)[0m  UPDATE "tasks" SET "status" = ?, "updated_at" = ? WHERE "tasks"."id" = 6  [["status", "t"], ["updated_at", "2014-10-04 23:35:53.065577"]]
  [1m[36m (134.8ms)[0m  [1mcommit transaction[0m
  [1m[35m (0.1ms)[0m  begin transaction
  [1m[36m (0.0ms)[0m  [1mcommit transaction[0m
Redirected to http://localhost:3000/
Completed 302 Found in 144ms (ActiveRecord: 136.0ms)


Started GET "/" for 127.0.0.1 at 2014-10-04 16:35:53 -0700
Processing by WelcomeController#index as HTML
  [1m[35mTask Load (0.2ms)[0m  SELECT "tasks".* FROM "tasks"
  Rendered welcome/index.html.erb within layouts/application (4.3ms)
Completed 200 OK in 39ms (Views: 37.5ms | ActiveRecord: 0.2ms)


Started GET "/assets/style.css?body=1" for 127.0.0.1 at 2014-10-04 16:35:53 -0700


Started GET "/assets/application.css?body=1" for 127.0.0.1 at 2014-10-04 16:35:53 -0700


Started GET "/assets/jquery.js?body=1" for 127.0.0.1 at 2014-10-04 16:35:53 -0700


Started GET "/assets/application.js?body=1" for 127.0.0.1 at 2014-10-04 16:35:53 -0700


Started GET "/assets/jquery_ujs.js?body=1" for 127.0.0.1 at 2014-10-04 16:35:53 -0700


Started GET "/assets/turbolinks.js?body=1" for 127.0.0.1 at 2014-10-04 16:35:53 -0700


Started GET "/" for 127.0.0.1 at 2014-10-04 16:42:48 -0700
Processing by WelcomeController#index as HTML
  [1m[36mTask Load (0.3ms)[0m  [1mSELECT "tasks".* FROM "tasks"[0m
  Rendered welcome/index.html.erb within layouts/application (8.7ms)
Completed 200 OK in 50ms (Views: 48.6ms | ActiveRecord: 0.3ms)


Started GET "/assets/style.css?body=1" for 127.0.0.1 at 2014-10-04 16:42:48 -0700


Started GET "/assets/application.css?body=1" for 127.0.0.1 at 2014-10-04 16:42:48 -0700


Started GET "/assets/jquery.js?body=1" for 127.0.0.1 at 2014-10-04 16:42:48 -0700


Started GET "/assets/jquery_ujs.js?body=1" for 127.0.0.1 at 2014-10-04 16:42:48 -0700


Started GET "/assets/turbolinks.js?body=1" for 127.0.0.1 at 2014-10-04 16:42:48 -0700


Started GET "/assets/application.js?body=1" for 127.0.0.1 at 2014-10-04 16:42:48 -0700


Started GET "/" for 127.0.0.1 at 2014-10-04 16:43:17 -0700
Processing by WelcomeController#index as HTML
  [1m[35mTask Load (0.2ms)[0m  SELECT "tasks".* FROM "tasks"
  Rendered welcome/index.html.erb within layouts/application (6.3ms)
Completed 200 OK in 59ms (Views: 58.2ms | ActiveRecord: 0.2ms)


Started GET "/assets/style.css?body=1" for 127.0.0.1 at 2014-10-04 16:43:17 -0700


Started GET "/assets/jquery.js?body=1" for 127.0.0.1 at 2014-10-04 16:43:17 -0700


Started GET "/assets/application.css?body=1" for 127.0.0.1 at 2014-10-04 16:43:17 -0700


Started GET "/assets/jquery_ujs.js?body=1" for 127.0.0.1 at 2014-10-04 16:43:17 -0700


Started GET "/assets/application.js?body=1" for 127.0.0.1 at 2014-10-04 16:43:17 -0700


Started GET "/assets/turbolinks.js?body=1" for 127.0.0.1 at 2014-10-04 16:43:17 -0700


Started GET "/" for 127.0.0.1 at 2014-10-04 16:43:28 -0700
Processing by WelcomeController#index as HTML
  [1m[36mTask Load (0.2ms)[0m  [1mSELECT "tasks".* FROM "tasks"[0m
  Rendered welcome/index.html.erb within layouts/application (10.4ms)
Completed 200 OK in 49ms (Views: 47.8ms | ActiveRecord: 0.2ms)


Started GET "/assets/application.css?body=1" for 127.0.0.1 at 2014-10-04 16:43:29 -0700


Started GET "/assets/style.css?body=1" for 127.0.0.1 at 2014-10-04 16:43:29 -0700


Started GET "/assets/jquery.js?body=1" for 127.0.0.1 at 2014-10-04 16:43:29 -0700


Started GET "/assets/jquery_ujs.js?body=1" for 127.0.0.1 at 2014-10-04 16:43:29 -0700


Started GET "/assets/application.js?body=1" for 127.0.0.1 at 2014-10-04 16:43:29 -0700


Started GET "/assets/turbolinks.js?body=1" for 127.0.0.1 at 2014-10-04 16:43:29 -0700


Started GET "/" for 127.0.0.1 at 2014-10-04 16:44:12 -0700
Processing by WelcomeController#index as HTML
  [1m[35mTask Load (0.4ms)[0m  SELECT "tasks".* FROM "tasks"
  Rendered welcome/index.html.erb within layouts/application (8.8ms)
Completed 200 OK in 62ms (Views: 60.3ms | ActiveRecord: 0.4ms)


Started GET "/assets/application.css?body=1" for 127.0.0.1 at 2014-10-04 16:44:12 -0700


Started GET "/assets/style.css?body=1" for 127.0.0.1 at 2014-10-04 16:44:12 -0700


Started GET "/assets/turbolinks.js?body=1" for 127.0.0.1 at 2014-10-04 16:44:12 -0700


Started GET "/assets/jquery_ujs.js?body=1" for 127.0.0.1 at 2014-10-04 16:44:12 -0700


Started GET "/assets/jquery.js?body=1" for 127.0.0.1 at 2014-10-04 16:44:12 -0700


Started GET "/assets/application.js?body=1" for 127.0.0.1 at 2014-10-04 16:44:12 -0700


Started GET "/" for 127.0.0.1 at 2014-10-04 16:44:50 -0700
Processing by WelcomeController#index as HTML
  [1m[36mTask Load (0.3ms)[0m  [1mSELECT "tasks".* FROM "tasks"[0m
  Rendered welcome/index.html.erb within layouts/application (9.2ms)
Completed 200 OK in 55ms (Views: 54.2ms | ActiveRecord: 0.3ms)


Started GET "/assets/style.css?body=1" for 127.0.0.1 at 2014-10-04 16:44:50 -0700


Started GET "/assets/application.css?body=1" for 127.0.0.1 at 2014-10-04 16:44:50 -0700


Started GET "/assets/jquery.js?body=1" for 127.0.0.1 at 2014-10-04 16:44:50 -0700


Started GET "/assets/jquery_ujs.js?body=1" for 127.0.0.1 at 2014-10-04 16:44:50 -0700


Started GET "/assets/application.js?body=1" for 127.0.0.1 at 2014-10-04 16:44:50 -0700


Started GET "/assets/turbolinks.js?body=1" for 127.0.0.1 at 2014-10-04 16:44:50 -0700


Started GET "/" for 127.0.0.1 at 2014-10-04 16:47:09 -0700
Processing by WelcomeController#index as HTML
  [1m[35mTask Load (0.3ms)[0m  SELECT "tasks".* FROM "tasks"
  Rendered welcome/index.html.erb within layouts/application (8.8ms)
Completed 200 OK in 55ms (Views: 53.3ms | ActiveRecord: 0.3ms)


Started GET "/assets/style.css?body=1" for 127.0.0.1 at 2014-10-04 16:47:09 -0700


Started GET "/assets/application.css?body=1" for 127.0.0.1 at 2014-10-04 16:47:09 -0700


Started GET "/assets/jquery.js?body=1" for 127.0.0.1 at 2014-10-04 16:47:09 -0700


Started GET "/assets/jquery_ujs.js?body=1" for 127.0.0.1 at 2014-10-04 16:47:09 -0700


Started GET "/assets/application.js?body=1" for 127.0.0.1 at 2014-10-04 16:47:09 -0700


Started GET "/assets/turbolinks.js?body=1" for 127.0.0.1 at 2014-10-04 16:47:09 -0700


Started GET "/" for 127.0.0.1 at 2014-10-04 16:47:19 -0700
Processing by WelcomeController#index as HTML
  [1m[36mTask Load (0.3ms)[0m  [1mSELECT "tasks".* FROM "tasks"[0m
  Rendered welcome/index.html.erb within layouts/application (10.6ms)
Completed 200 OK in 68ms (Views: 66.4ms | ActiveRecord: 0.3ms)


Started GET "/assets/style.css?body=1" for 127.0.0.1 at 2014-10-04 16:47:19 -0700


Started GET "/assets/jquery_ujs.js?body=1" for 127.0.0.1 at 2014-10-04 16:47:19 -0700


Started GET "/assets/application.css?body=1" for 127.0.0.1 at 2014-10-04 16:47:19 -0700


Started GET "/assets/turbolinks.js?body=1" for 127.0.0.1 at 2014-10-04 16:47:19 -0700


Started GET "/assets/jquery.js?body=1" for 127.0.0.1 at 2014-10-04 16:47:19 -0700


Started GET "/assets/application.js?body=1" for 127.0.0.1 at 2014-10-04 16:47:19 -0700


Started GET "/" for 127.0.0.1 at 2014-10-04 16:47:48 -0700
Processing by WelcomeController#index as HTML
  [1m[35mTask Load (0.2ms)[0m  SELECT "tasks".* FROM "tasks"
  Rendered welcome/index.html.erb within layouts/application (8.6ms)
Completed 200 OK in 53ms (Views: 51.6ms | ActiveRecord: 0.2ms)


Started GET "/assets/style.css?body=1" for 127.0.0.1 at 2014-10-04 16:47:48 -0700


Started GET "/assets/application.css?body=1" for 127.0.0.1 at 2014-10-04 16:47:48 -0700


Started GET "/assets/turbolinks.js?body=1" for 127.0.0.1 at 2014-10-04 16:47:48 -0700


Started GET "/assets/jquery_ujs.js?body=1" for 127.0.0.1 at 2014-10-04 16:47:48 -0700


Started GET "/assets/application.js?body=1" for 127.0.0.1 at 2014-10-04 16:47:48 -0700


Started GET "/assets/jquery.js?body=1" for 127.0.0.1 at 2014-10-04 16:47:48 -0700


Started GET "/" for 127.0.0.1 at 2014-10-04 16:48:27 -0700
Processing by WelcomeController#index as HTML
  [1m[36mTask Load (0.2ms)[0m  [1mSELECT "tasks".* FROM "tasks"[0m
  Rendered welcome/index.html.erb within layouts/application (8.7ms)
Completed 200 OK in 53ms (Views: 52.2ms | ActiveRecord: 0.2ms)


Started GET "/assets/style.css?body=1" for 127.0.0.1 at 2014-10-04 16:48:27 -0700


Started GET "/assets/application.css?body=1" for 127.0.0.1 at 2014-10-04 16:48:27 -0700


Started GET "/assets/jquery.js?body=1" for 127.0.0.1 at 2014-10-04 16:48:27 -0700


Started GET "/assets/jquery_ujs.js?body=1" for 127.0.0.1 at 2014-10-04 16:48:27 -0700


Started GET "/assets/turbolinks.js?body=1" for 127.0.0.1 at 2014-10-04 16:48:27 -0700


Started GET "/assets/application.js?body=1" for 127.0.0.1 at 2014-10-04 16:48:27 -0700


Started GET "/" for 127.0.0.1 at 2014-10-04 16:49:08 -0700
Processing by WelcomeController#index as HTML
  [1m[35mTask Load (0.3ms)[0m  SELECT "tasks".* FROM "tasks"
  Rendered welcome/index.html.erb within layouts/application (9.6ms)
Completed 200 OK in 47ms (Views: 46.3ms | ActiveRecord: 0.3ms)


Started GET "/assets/style.css?body=1" for 127.0.0.1 at 2014-10-04 16:49:08 -0700


Started GET "/assets/application.css?body=1" for 127.0.0.1 at 2014-10-04 16:49:08 -0700


Started GET "/assets/jquery_ujs.js?body=1" for 127.0.0.1 at 2014-10-04 16:49:08 -0700


Started GET "/assets/jquery.js?body=1" for 127.0.0.1 at 2014-10-04 16:49:08 -0700


Started GET "/assets/turbolinks.js?body=1" for 127.0.0.1 at 2014-10-04 16:49:08 -0700


Started GET "/assets/application.js?body=1" for 127.0.0.1 at 2014-10-04 16:49:08 -0700


Started GET "/" for 127.0.0.1 at 2014-10-04 16:49:40 -0700
Processing by WelcomeController#index as HTML
  [1m[36mTask Load (0.2ms)[0m  [1mSELECT "tasks".* FROM "tasks"[0m
  Rendered welcome/index.html.erb within layouts/application (7.0ms)
Completed 200 OK in 41ms (Views: 39.9ms | ActiveRecord: 0.2ms)


Started GET "/assets/style.css?body=1" for 127.0.0.1 at 2014-10-04 16:49:40 -0700


Started GET "/assets/application.css?body=1" for 127.0.0.1 at 2014-10-04 16:49:40 -0700


Started GET "/assets/jquery.js?body=1" for 127.0.0.1 at 2014-10-04 16:49:40 -0700


Started GET "/assets/jquery_ujs.js?body=1" for 127.0.0.1 at 2014-10-04 16:49:40 -0700


Started GET "/assets/application.js?body=1" for 127.0.0.1 at 2014-10-04 16:49:40 -0700


Started GET "/assets/turbolinks.js?body=1" for 127.0.0.1 at 2014-10-04 16:49:40 -0700


Started GET "/" for 127.0.0.1 at 2014-10-04 16:50:05 -0700
Processing by WelcomeController#index as HTML
  [1m[35mTask Load (0.7ms)[0m  SELECT "tasks".* FROM "tasks"
  Rendered welcome/index.html.erb within layouts/application (8.7ms)
Completed 200 OK in 54ms (Views: 51.8ms | ActiveRecord: 0.7ms)


Started GET "/assets/style.css?body=1" for 127.0.0.1 at 2014-10-04 16:50:05 -0700


Started GET "/assets/application.css?body=1" for 127.0.0.1 at 2014-10-04 16:50:05 -0700


Started GET "/assets/jquery.js?body=1" for 127.0.0.1 at 2014-10-04 16:50:05 -0700


Started GET "/assets/turbolinks.js?body=1" for 127.0.0.1 at 2014-10-04 16:50:05 -0700


Started GET "/assets/application.js?body=1" for 127.0.0.1 at 2014-10-04 16:50:05 -0700


Started GET "/assets/jquery_ujs.js?body=1" for 127.0.0.1 at 2014-10-04 16:50:05 -0700


Started GET "/" for 127.0.0.1 at 2014-10-04 16:50:20 -0700
Processing by WelcomeController#index as HTML
  [1m[36mTask Load (0.4ms)[0m  [1mSELECT "tasks".* FROM "tasks"[0m
  Rendered welcome/index.html.erb within layouts/application (8.9ms)
Completed 200 OK in 47ms (Views: 45.8ms | ActiveRecord: 0.4ms)


Started GET "/assets/style.css?body=1" for 127.0.0.1 at 2014-10-04 16:50:20 -0700


Started GET "/assets/application.css?body=1" for 127.0.0.1 at 2014-10-04 16:50:20 -0700


Started GET "/assets/jquery.js?body=1" for 127.0.0.1 at 2014-10-04 16:50:20 -0700


Started GET "/assets/jquery_ujs.js?body=1" for 127.0.0.1 at 2014-10-04 16:50:20 -0700


Started GET "/assets/application.js?body=1" for 127.0.0.1 at 2014-10-04 16:50:20 -0700


Started GET "/assets/turbolinks.js?body=1" for 127.0.0.1 at 2014-10-04 16:50:20 -0700


Started GET "/" for 127.0.0.1 at 2014-10-04 16:54:26 -0700
Processing by WelcomeController#index as HTML
  [1m[35mTask Load (0.2ms)[0m  SELECT "tasks".* FROM "tasks"
  Rendered welcome/index.html.erb within layouts/application (8.9ms)
Completed 200 OK in 52ms (Views: 51.4ms | ActiveRecord: 0.2ms)


Started GET "/assets/style.css?body=1" for 127.0.0.1 at 2014-10-04 16:54:27 -0700


Started GET "/assets/application.css?body=1" for 127.0.0.1 at 2014-10-04 16:54:27 -0700


Started GET "/assets/turbolinks.js?body=1" for 127.0.0.1 at 2014-10-04 16:54:27 -0700


Started GET "/assets/jquery.js?body=1" for 127.0.0.1 at 2014-10-04 16:54:27 -0700


Started GET "/assets/application.js?body=1" for 127.0.0.1 at 2014-10-04 16:54:27 -0700


Started GET "/assets/jquery_ujs.js?body=1" for 127.0.0.1 at 2014-10-04 16:54:27 -0700


Started GET "/" for 127.0.0.1 at 2014-10-04 16:56:16 -0700
Processing by WelcomeController#index as HTML
  [1m[36mTask Load (0.2ms)[0m  [1mSELECT "tasks".* FROM "tasks"[0m
  Rendered welcome/index.html.erb within layouts/application (9.2ms)
Completed 200 OK in 47ms (Views: 45.2ms | ActiveRecord: 0.2ms)


Started GET "/assets/style.css?body=1" for 127.0.0.1 at 2014-10-04 16:56:16 -0700


Started GET "/assets/jquery_ujs.js?body=1" for 127.0.0.1 at 2014-10-04 16:56:16 -0700


Started GET "/assets/application.css?body=1" for 127.0.0.1 at 2014-10-04 16:56:16 -0700


Started GET "/assets/turbolinks.js?body=1" for 127.0.0.1 at 2014-10-04 16:56:16 -0700


Started GET "/assets/jquery.js?body=1" for 127.0.0.1 at 2014-10-04 16:56:16 -0700


Started GET "/assets/application.js?body=1" for 127.0.0.1 at 2014-10-04 16:56:16 -0700


Started GET "/" for 127.0.0.1 at 2014-10-04 16:57:39 -0700
Processing by WelcomeController#index as HTML
  [1m[35mTask Load (0.2ms)[0m  SELECT "tasks".* FROM "tasks"
  Rendered welcome/index.html.erb within layouts/application (10.7ms)
Completed 200 OK in 49ms (Views: 47.6ms | ActiveRecord: 0.2ms)


Started GET "/assets/style.css?body=1" for 127.0.0.1 at 2014-10-04 16:57:40 -0700


Started GET "/assets/application.css?body=1" for 127.0.0.1 at 2014-10-04 16:57:40 -0700


Started GET "/assets/jquery.js?body=1" for 127.0.0.1 at 2014-10-04 16:57:40 -0700


Started GET "/assets/jquery_ujs.js?body=1" for 127.0.0.1 at 2014-10-04 16:57:40 -0700


Started GET "/assets/application.js?body=1" for 127.0.0.1 at 2014-10-04 16:57:40 -0700


Started GET "/assets/turbolinks.js?body=1" for 127.0.0.1 at 2014-10-04 16:57:40 -0700


Started GET "/" for 127.0.0.1 at 2014-10-04 16:58:04 -0700
Processing by WelcomeController#index as HTML
  [1m[36mTask Load (0.3ms)[0m  [1mSELECT "tasks".* FROM "tasks"[0m
  Rendered welcome/index.html.erb within layouts/application (11.6ms)
Completed 200 OK in 45ms (Views: 43.6ms | ActiveRecord: 0.3ms)


Started GET "/assets/style.css?body=1" for 127.0.0.1 at 2014-10-04 16:58:04 -0700


Started GET "/assets/application.css?body=1" for 127.0.0.1 at 2014-10-04 16:58:04 -0700


Started GET "/assets/jquery.js?body=1" for 127.0.0.1 at 2014-10-04 16:58:04 -0700


Started GET "/assets/application.js?body=1" for 127.0.0.1 at 2014-10-04 16:58:04 -0700


Started GET "/assets/turbolinks.js?body=1" for 127.0.0.1 at 2014-10-04 16:58:04 -0700


Started GET "/assets/jquery_ujs.js?body=1" for 127.0.0.1 at 2014-10-04 16:58:04 -0700


Started GET "/" for 127.0.0.1 at 2014-10-04 16:58:16 -0700
Processing by WelcomeController#index as HTML
  [1m[35mTask Load (0.3ms)[0m  SELECT "tasks".* FROM "tasks"
  Rendered welcome/index.html.erb within layouts/application (10.5ms)
Completed 200 OK in 44ms (Views: 43.2ms | ActiveRecord: 0.3ms)


Started GET "/assets/style.css?body=1" for 127.0.0.1 at 2014-10-04 16:58:17 -0700


Started GET "/assets/jquery_ujs.js?body=1" for 127.0.0.1 at 2014-10-04 16:58:17 -0700


Started GET "/assets/jquery.js?body=1" for 127.0.0.1 at 2014-10-04 16:58:17 -0700


Started GET "/assets/application.css?body=1" for 127.0.0.1 at 2014-10-04 16:58:17 -0700


Started GET "/assets/application.js?body=1" for 127.0.0.1 at 2014-10-04 16:58:17 -0700


Started GET "/assets/turbolinks.js?body=1" for 127.0.0.1 at 2014-10-04 16:58:17 -0700


Started GET "/" for 127.0.0.1 at 2014-10-04 16:58:36 -0700
Processing by WelcomeController#index as HTML
  [1m[36mTask Load (0.8ms)[0m  [1mSELECT "tasks".* FROM "tasks"[0m
  Rendered welcome/index.html.erb within layouts/application (17.5ms)
Completed 200 OK in 52ms (Views: 50.3ms | ActiveRecord: 0.8ms)


Started GET "/assets/style.css?body=1" for 127.0.0.1 at 2014-10-04 16:58:37 -0700


Started GET "/assets/jquery.js?body=1" for 127.0.0.1 at 2014-10-04 16:58:37 -0700


Started GET "/assets/application.css?body=1" for 127.0.0.1 at 2014-10-04 16:58:37 -0700


Started GET "/assets/jquery_ujs.js?body=1" for 127.0.0.1 at 2014-10-04 16:58:37 -0700


Started GET "/assets/turbolinks.js?body=1" for 127.0.0.1 at 2014-10-04 16:58:37 -0700


Started GET "/assets/application.js?body=1" for 127.0.0.1 at 2014-10-04 16:58:37 -0700


Started POST "/tasks" for 127.0.0.1 at 2014-10-04 17:28:19 -0700
Processing by TasksController#create as HTML
  Parameters: {"utf8"=>"✓", "authenticity_token"=>"/PUEzLop6N4QCb5qZfdAXBi0ATyqLaMNNb2awvYX1lo=", "task"=>{"name"=>"Make app"}, "commit"=>"Submit"}
  [1m[35m (0.1ms)[0m  begin transaction
  [1m[36mSQL (0.3ms)[0m  [1mINSERT INTO "tasks" ("created_at", "name", "updated_at") VALUES (?, ?, ?)[0m  [["created_at", "2014-10-05 00:28:19.546205"], ["name", "Make app"], ["updated_at", "2014-10-05 00:28:19.546205"]]
  [1m[35m (254.1ms)[0m  commit transaction
Redirected to http://localhost:3000/
Completed 302 Found in 259ms (ActiveRecord: 254.4ms)


Started GET "/" for 127.0.0.1 at 2014-10-04 17:28:19 -0700
Processing by WelcomeController#index as HTML
  [1m[36mTask Load (0.2ms)[0m  [1mSELECT "tasks".* FROM "tasks"[0m
  Rendered welcome/index.html.erb within layouts/application (6.0ms)
Completed 200 OK in 39ms (Views: 37.9ms | ActiveRecord: 0.2ms)


Started GET "/assets/style.css?body=1" for 127.0.0.1 at 2014-10-04 17:28:19 -0700


Started GET "/assets/application.css?body=1" for 127.0.0.1 at 2014-10-04 17:28:19 -0700


Started GET "/assets/turbolinks.js?body=1" for 127.0.0.1 at 2014-10-04 17:28:19 -0700


Started GET "/assets/jquery.js?body=1" for 127.0.0.1 at 2014-10-04 17:28:19 -0700


Started GET "/assets/jquery_ujs.js?body=1" for 127.0.0.1 at 2014-10-04 17:28:19 -0700


Started GET "/assets/application.js?body=1" for 127.0.0.1 at 2014-10-04 17:28:19 -0700


Started GET "/" for 127.0.0.1 at 2014-10-04 17:31:03 -0700
Processing by WelcomeController#index as HTML
  [1m[35mTask Load (0.6ms)[0m  SELECT "tasks".* FROM "tasks"
  Rendered welcome/index.html.erb within layouts/application (15.5ms)
Completed 200 OK in 60ms (Views: 58.4ms | ActiveRecord: 0.6ms)


Started GET "/assets/style.css?body=1" for 127.0.0.1 at 2014-10-04 17:31:03 -0700


Started GET "/assets/application.css?body=1" for 127.0.0.1 at 2014-10-04 17:31:03 -0700


Started GET "/assets/jquery_ujs.js?body=1" for 127.0.0.1 at 2014-10-04 17:31:03 -0700


Started GET "/assets/turbolinks.js?body=1" for 127.0.0.1 at 2014-10-04 17:31:03 -0700


Started GET "/assets/jquery.js?body=1" for 127.0.0.1 at 2014-10-04 17:31:03 -0700


Started GET "/assets/application.js?body=1" for 127.0.0.1 at 2014-10-04 17:31:03 -0700


Started GET "/" for 127.0.0.1 at 2014-10-04 17:31:26 -0700
Processing by WelcomeController#index as HTML
  [1m[36mTask Load (0.7ms)[0m  [1mSELECT "tasks".* FROM "tasks"[0m
  Rendered welcome/index.html.erb within layouts/application (11.2ms)
Completed 200 OK in 60ms (Views: 59.1ms | ActiveRecord: 0.7ms)


Started GET "/assets/style.css?body=1" for 127.0.0.1 at 2014-10-04 17:31:26 -0700


Started GET "/assets/jquery.js?body=1" for 127.0.0.1 at 2014-10-04 17:31:26 -0700


Started GET "/assets/application.css?body=1" for 127.0.0.1 at 2014-10-04 17:31:26 -0700


Started GET "/assets/jquery_ujs.js?body=1" for 127.0.0.1 at 2014-10-04 17:31:26 -0700


Started GET "/assets/application.js?body=1" for 127.0.0.1 at 2014-10-04 17:31:26 -0700


Started GET "/assets/turbolinks.js?body=1" for 127.0.0.1 at 2014-10-04 17:31:26 -0700


Started GET "/" for 127.0.0.1 at 2014-10-04 17:31:57 -0700
Processing by WelcomeController#index as HTML
  [1m[35mTask Load (0.3ms)[0m  SELECT "tasks".* FROM "tasks"
  Rendered welcome/index.html.erb within layouts/application (14.3ms)
Completed 200 OK in 47ms (Views: 45.6ms | ActiveRecord: 0.3ms)


Started GET "/assets/style.css?body=1" for 127.0.0.1 at 2014-10-04 17:31:57 -0700


Started GET "/assets/jquery.js?body=1" for 127.0.0.1 at 2014-10-04 17:31:57 -0700


Started GET "/assets/application.css?body=1" for 127.0.0.1 at 2014-10-04 17:31:57 -0700


Started GET "/assets/jquery_ujs.js?body=1" for 127.0.0.1 at 2014-10-04 17:31:57 -0700


Started GET "/assets/application.js?body=1" for 127.0.0.1 at 2014-10-04 17:31:57 -0700


Started GET "/assets/turbolinks.js?body=1" for 127.0.0.1 at 2014-10-04 17:31:57 -0700


Started GET "/" for 127.0.0.1 at 2014-10-04 17:32:18 -0700
Processing by WelcomeController#index as HTML
  [1m[36mTask Load (1.0ms)[0m  [1mSELECT "tasks".* FROM "tasks"[0m
  Rendered welcome/index.html.erb within layouts/application (10.5ms)
Completed 200 OK in 44ms (Views: 41.8ms | ActiveRecord: 1.0ms)


Started GET "/assets/style.css?body=1" for 127.0.0.1 at 2014-10-04 17:32:19 -0700


Started GET "/assets/application.css?body=1" for 127.0.0.1 at 2014-10-04 17:32:19 -0700


Started GET "/assets/application.js?body=1" for 127.0.0.1 at 2014-10-04 17:32:19 -0700


Started GET "/assets/jquery_ujs.js?body=1" for 127.0.0.1 at 2014-10-04 17:32:19 -0700


Started GET "/assets/jquery.js?body=1" for 127.0.0.1 at 2014-10-04 17:32:19 -0700


Started GET "/assets/turbolinks.js?body=1" for 127.0.0.1 at 2014-10-04 17:32:19 -0700


Started GET "/" for 127.0.0.1 at 2014-10-04 17:32:40 -0700
Processing by WelcomeController#index as HTML
  [1m[35mTask Load (0.2ms)[0m  SELECT "tasks".* FROM "tasks"
  Rendered welcome/index.html.erb within layouts/application (11.4ms)
Completed 200 OK in 50ms (Views: 49.2ms | ActiveRecord: 0.2ms)


Started GET "/assets/style.css?body=1" for 127.0.0.1 at 2014-10-04 17:32:40 -0700


Started GET "/assets/application.css?body=1" for 127.0.0.1 at 2014-10-04 17:32:40 -0700


Started GET "/assets/jquery.js?body=1" for 127.0.0.1 at 2014-10-04 17:32:40 -0700


Started GET "/assets/turbolinks.js?body=1" for 127.0.0.1 at 2014-10-04 17:32:40 -0700


Started GET "/assets/application.js?body=1" for 127.0.0.1 at 2014-10-04 17:32:40 -0700


Started GET "/assets/jquery_ujs.js?body=1" for 127.0.0.1 at 2014-10-04 17:32:40 -0700


Started GET "/" for 127.0.0.1 at 2014-10-04 17:32:46 -0700
Processing by WelcomeController#index as HTML
  [1m[36mTask Load (0.3ms)[0m  [1mSELECT "tasks".* FROM "tasks"[0m
  Rendered welcome/index.html.erb within layouts/application (11.5ms)
Completed 200 OK in 45ms (Views: 43.8ms | ActiveRecord: 0.3ms)


Started GET "/assets/style.css?body=1" for 127.0.0.1 at 2014-10-04 17:32:46 -0700


Started GET "/assets/jquery.js?body=1" for 127.0.0.1 at 2014-10-04 17:32:46 -0700


Started GET "/assets/application.css?body=1" for 127.0.0.1 at 2014-10-04 17:32:46 -0700


Started GET "/assets/jquery_ujs.js?body=1" for 127.0.0.1 at 2014-10-04 17:32:46 -0700


Started GET "/assets/application.js?body=1" for 127.0.0.1 at 2014-10-04 17:32:46 -0700


Started GET "/assets/turbolinks.js?body=1" for 127.0.0.1 at 2014-10-04 17:32:46 -0700


Started GET "/" for 127.0.0.1 at 2014-10-04 17:33:03 -0700
Processing by WelcomeController#index as HTML
  [1m[35mTask Load (0.3ms)[0m  SELECT "tasks".* FROM "tasks"
  Rendered welcome/index.html.erb within layouts/application (8.9ms)
Completed 200 OK in 56ms (Views: 54.9ms | ActiveRecord: 0.3ms)


Started GET "/assets/application.css?body=1" for 127.0.0.1 at 2014-10-04 17:33:03 -0700


Started GET "/assets/style.css?body=1" for 127.0.0.1 at 2014-10-04 17:33:03 -0700


Started GET "/assets/jquery.js?body=1" for 127.0.0.1 at 2014-10-04 17:33:03 -0700


Started GET "/assets/turbolinks.js?body=1" for 127.0.0.1 at 2014-10-04 17:33:03 -0700


Started GET "/assets/application.js?body=1" for 127.0.0.1 at 2014-10-04 17:33:03 -0700


Started GET "/assets/jquery_ujs.js?body=1" for 127.0.0.1 at 2014-10-04 17:33:03 -0700


Started GET "/" for 127.0.0.1 at 2014-10-04 17:33:34 -0700
Processing by WelcomeController#index as HTML
  [1m[36mTask Load (0.3ms)[0m  [1mSELECT "tasks".* FROM "tasks"[0m
  Rendered welcome/index.html.erb within layouts/application (11.9ms)
Completed 200 OK in 72ms (Views: 70.4ms | ActiveRecord: 0.3ms)


Started GET "/assets/style.css?body=1" for 127.0.0.1 at 2014-10-04 17:33:34 -0700


Started GET "/assets/application.css?body=1" for 127.0.0.1 at 2014-10-04 17:33:34 -0700


Started GET "/assets/jquery.js?body=1" for 127.0.0.1 at 2014-10-04 17:33:34 -0700


Started GET "/assets/turbolinks.js?body=1" for 127.0.0.1 at 2014-10-04 17:33:34 -0700


Started GET "/assets/jquery_ujs.js?body=1" for 127.0.0.1 at 2014-10-04 17:33:34 -0700


Started GET "/assets/application.js?body=1" for 127.0.0.1 at 2014-10-04 17:33:34 -0700


Started GET "/" for 127.0.0.1 at 2014-10-04 17:33:48 -0700
Processing by WelcomeController#index as HTML
  [1m[35mTask Load (0.4ms)[0m  SELECT "tasks".* FROM "tasks"
  Rendered welcome/index.html.erb within layouts/application (15.2ms)
Completed 200 OK in 50ms (Views: 48.9ms | ActiveRecord: 0.4ms)


Started GET "/assets/style.css?body=1" for 127.0.0.1 at 2014-10-04 17:33:48 -0700


Started GET "/assets/application.css?body=1" for 127.0.0.1 at 2014-10-04 17:33:48 -0700


Started GET "/assets/jquery.js?body=1" for 127.0.0.1 at 2014-10-04 17:33:48 -0700


Started GET "/assets/jquery_ujs.js?body=1" for 127.0.0.1 at 2014-10-04 17:33:48 -0700


Started GET "/assets/application.js?body=1" for 127.0.0.1 at 2014-10-04 17:33:48 -0700


Started GET "/assets/turbolinks.js?body=1" for 127.0.0.1 at 2014-10-04 17:33:48 -0700
  [1m[36m (133.9ms)[0m  [1mCREATE TABLE "schema_migrations" ("version" varchar(255) NOT NULL) [0m
  [1m[35m (0.3ms)[0m  select sqlite_version(*)
  [1m[36m (154.1ms)[0m  [1mCREATE UNIQUE INDEX "unique_schema_migrations" ON "schema_migrations" ("version")[0m
  [1m[35mActiveRecord::SchemaMigration Load (0.4ms)[0m  SELECT "schema_migrations".* FROM "schema_migrations"
Migrating to CreateTasks (20141004194721)
  [1m[36m (0.2ms)[0m  [1mbegin transaction[0m
  [1m[35m (1.0ms)[0m  CREATE TABLE "tasks" ("id" INTEGER PRIMARY KEY AUTOINCREMENT NOT NULL, "name" varchar(255), "status" boolean DEFAULT 'f', "created_at" datetime, "updated_at" datetime) 
  [1m[36mSQL (0.2ms)[0m  [1mINSERT INTO "schema_migrations" ("version") VALUES (?)[0m  [["version", "20141004194721"]]
  [1m[35m (169.1ms)[0m  commit transaction
  [1m[36mActiveRecord::SchemaMigration Load (0.3ms)[0m  [1mSELECT "schema_migrations".* FROM "schema_migrations"[0m


Started GET "/" for 127.0.0.1 at 2014-10-04 17:37:36 -0700
  [1m[36mActiveRecord::SchemaMigration Load (0.1ms)[0m  [1mSELECT "schema_migrations".* FROM "schema_migrations"[0m
Processing by WelcomeController#index as HTML
  [1m[35mTask Load (0.2ms)[0m  SELECT "tasks".* FROM "tasks"
  Rendered welcome/index.html.erb within layouts/application (19.4ms)
Completed 200 OK in 100ms (Views: 78.0ms | ActiveRecord: 0.5ms)


Started GET "/assets/style.css?body=1" for 127.0.0.1 at 2014-10-04 17:37:36 -0700


Started GET "/assets/application.css?body=1" for 127.0.0.1 at 2014-10-04 17:37:36 -0700


Started GET "/assets/jquery.js?body=1" for 127.0.0.1 at 2014-10-04 17:37:36 -0700


Started GET "/assets/jquery_ujs.js?body=1" for 127.0.0.1 at 2014-10-04 17:37:36 -0700


Started GET "/assets/turbolinks.js?body=1" for 127.0.0.1 at 2014-10-04 17:37:36 -0700


Started GET "/assets/application.js?body=1" for 127.0.0.1 at 2014-10-04 17:37:36 -0700


Started POST "/tasks" for 127.0.0.1 at 2014-10-04 17:37:44 -0700
Processing by TasksController#create as HTML
  Parameters: {"utf8"=>"✓", "authenticity_token"=>"/PUEzLop6N4QCb5qZfdAXBi0ATyqLaMNNb2awvYX1lo=", "task"=>{"name"=>"Make app"}, "commit"=>"Submit"}
  [1m[36m (0.1ms)[0m  [1mbegin transaction[0m
  [1m[35mSQL (0.3ms)[0m  INSERT INTO "tasks" ("created_at", "name", "updated_at") VALUES (?, ?, ?)  [["created_at", "2014-10-05 00:37:44.775441"], ["name", "Make app"], ["updated_at", "2014-10-05 00:37:44.775441"]]
  [1m[36m (221.4ms)[0m  [1mcommit transaction[0m
Redirected to http://localhost:3000/
Completed 302 Found in 228ms (ActiveRecord: 221.8ms)


Started GET "/" for 127.0.0.1 at 2014-10-04 17:37:45 -0700
Processing by WelcomeController#index as HTML
  [1m[35mTask Load (0.5ms)[0m  SELECT "tasks".* FROM "tasks"
  Rendered welcome/index.html.erb within layouts/application (9.9ms)
Completed 200 OK in 50ms (Views: 48.2ms | ActiveRecord: 0.5ms)


Started GET "/assets/style.css?body=1" for 127.0.0.1 at 2014-10-04 17:37:45 -0700


Started GET "/assets/application.css?body=1" for 127.0.0.1 at 2014-10-04 17:37:45 -0700


Started GET "/assets/turbolinks.js?body=1" for 127.0.0.1 at 2014-10-04 17:37:45 -0700


Started GET "/assets/jquery.js?body=1" for 127.0.0.1 at 2014-10-04 17:37:45 -0700


Started GET "/assets/application.js?body=1" for 127.0.0.1 at 2014-10-04 17:37:45 -0700


Started GET "/assets/jquery_ujs.js?body=1" for 127.0.0.1 at 2014-10-04 17:37:45 -0700


Started PATCH "/tasks/1" for 127.0.0.1 at 2014-10-04 17:37:46 -0700
Processing by TasksController#update as HTML
  Parameters: {"utf8"=>"✓", "authenticity_token"=>"/PUEzLop6N4QCb5qZfdAXBi0ATyqLaMNNb2awvYX1lo=", "commit"=>"DONE", "id"=>"1"}
  [1m[36mTask Load (0.3ms)[0m  [1mSELECT  "tasks".* FROM "tasks"  WHERE "tasks"."id" = ? LIMIT 1[0m  [["id", 1]]
  [1m[35m (0.5ms)[0m  begin transaction
  [1m[36mSQL (0.3ms)[0m  [1mUPDATE "tasks" SET "status" = ?, "updated_at" = ? WHERE "tasks"."id" = 1[0m  [["status", "t"], ["updated_at", "2014-10-05 00:37:46.450634"]]
  [1m[35m (269.9ms)[0m  commit transaction
  [1m[36m (0.2ms)[0m  [1mbegin transaction[0m
  [1m[35m (0.1ms)[0m  commit transaction
Redirected to http://localhost:3000/
Completed 302 Found in 281ms (ActiveRecord: 271.3ms)


Started GET "/" for 127.0.0.1 at 2014-10-04 17:37:46 -0700
Processing by WelcomeController#index as HTML
  [1m[36mTask Load (0.2ms)[0m  [1mSELECT "tasks".* FROM "tasks"[0m
  Rendered welcome/index.html.erb within layouts/application (2.7ms)
Completed 200 OK in 51ms (Views: 47.9ms | ActiveRecord: 0.2ms)


Started GET "/assets/style.css?body=1" for 127.0.0.1 at 2014-10-04 17:37:46 -0700


Started GET "/assets/jquery.js?body=1" for 127.0.0.1 at 2014-10-04 17:37:46 -0700


Started GET "/assets/jquery_ujs.js?body=1" for 127.0.0.1 at 2014-10-04 17:37:46 -0700


Started GET "/assets/turbolinks.js?body=1" for 127.0.0.1 at 2014-10-04 17:37:46 -0700


Started GET "/assets/application.css?body=1" for 127.0.0.1 at 2014-10-04 17:37:46 -0700


Started GET "/assets/application.js?body=1" for 127.0.0.1 at 2014-10-04 17:37:46 -0700
